2013-02-21 19:06:18 Error: Fatal Error (64): require_once() [<a href='http://php.net/function.require'>function.require</a>]: Failed opening required 'fpdi.php' (include_path='/Users/bvanskyh/Sites/rbadmin/lib:.:/usr/local/php5/lib/php') in [/Users/bvanskyh/Sites/rbadmin/admin/Vendor/fpdi/fpdfx.php, line 4]
2013-02-21 19:06:18 Error: [FatalErrorException] require_once() [<a href='http://php.net/function.require'>function.require</a>]: Failed opening required 'fpdi.php' (include_path='/Users/bvanskyh/Sites/rbadmin/lib:.:/usr/local/php5/lib/php')
Request URL: /rbadmin/users/login
Stack Trace:
#0 /Users/bvanskyh/Sites/rbadmin/lib/Cake/Error/ErrorHandler.php(183): ErrorHandler::handleFatalError(64, 'require_once() ...', '/Users/bvanskyh...', 4)
#1 [internal function]: ErrorHandler::handleError(64, 'require_once() ...', '/Users/bvanskyh...', 4, Array)
#2 /Users/bvanskyh/Sites/rbadmin/lib/Cake/Core/App.php(926): call_user_func('ErrorHandler::h...', 64, 'require_once() ...', '/Users/bvanskyh...', 4, Array)
#3 /Users/bvanskyh/Sites/rbadmin/lib/Cake/Core/App.php(899): App::_checkFatalError()
#4 [internal function]: App::shutdown()
#5 {main}
2013-02-21 19:07:36 Error: Fatal Error (64): require_once() [<a href='http://php.net/function.require'>function.require</a>]: Failed opening required 'fpdf_tpl.php' (include_path='/Users/bvanskyh/Sites/rbadmin/lib:.:/usr/local/php5/lib/php') in [/Users/bvanskyh/Sites/rbadmin/admin/Vendor/fpdi/fpdi.php, line 34]
2013-02-21 19:07:36 Error: [FatalErrorException] require_once() [<a href='http://php.net/function.require'>function.require</a>]: Failed opening required 'fpdf_tpl.php' (include_path='/Users/bvanskyh/Sites/rbadmin/lib:.:/usr/local/php5/lib/php')
Request URL: /rbadmin/users/login
Stack Trace:
#0 /Users/bvanskyh/Sites/rbadmin/lib/Cake/Error/ErrorHandler.php(183): ErrorHandler::handleFatalError(64, 'require_once() ...', '/Users/bvanskyh...', 34)
#1 [internal function]: ErrorHandler::handleError(64, 'require_once() ...', '/Users/bvanskyh...', 34, Array)
#2 /Users/bvanskyh/Sites/rbadmin/lib/Cake/Core/App.php(926): call_user_func('ErrorHandler::h...', 64, 'require_once() ...', '/Users/bvanskyh...', 34, Array)
#3 /Users/bvanskyh/Sites/rbadmin/lib/Cake/Core/App.php(899): App::_checkFatalError()
#4 [internal function]: App::shutdown()
#5 {main}
2013-02-21 19:08:14 Error: Fatal Error (64): require_once() [<a href='http://php.net/function.require'>function.require</a>]: Failed opening required 'fpdf_tpl.php' (include_path='/Users/bvanskyh/Sites/rbadmin/lib:.:/usr/local/php5/lib/php') in [/Users/bvanskyh/Sites/rbadmin/admin/Vendor/fpdi/fpdi.php, line 34]
2013-02-21 19:08:14 Error: [FatalErrorException] require_once() [<a href='http://php.net/function.require'>function.require</a>]: Failed opening required 'fpdf_tpl.php' (include_path='/Users/bvanskyh/Sites/rbadmin/lib:.:/usr/local/php5/lib/php')
Request URL: /rbadmin/users/login
Stack Trace:
#0 /Users/bvanskyh/Sites/rbadmin/lib/Cake/Error/ErrorHandler.php(183): ErrorHandler::handleFatalError(64, 'require_once() ...', '/Users/bvanskyh...', 34)
#1 [internal function]: ErrorHandler::handleError(64, 'require_once() ...', '/Users/bvanskyh...', 34, Array)
#2 /Users/bvanskyh/Sites/rbadmin/lib/Cake/Core/App.php(926): call_user_func('ErrorHandler::h...', 64, 'require_once() ...', '/Users/bvanskyh...', 34, Array)
#3 /Users/bvanskyh/Sites/rbadmin/lib/Cake/Core/App.php(899): App::_checkFatalError()
#4 [internal function]: App::shutdown()
#5 {main}
2013-02-21 19:12:47 Error: Fatal Error (64): require_once() [<a href='http://php.net/function.require'>function.require</a>]: Failed opening required 'fpdf_tpl.php' (include_path='/Users/bvanskyh/Sites/rbadmin/lib:.:/usr/local/php5/lib/php') in [/Users/bvanskyh/Sites/rbadmin/admin/Vendor/fpdi/fpdi.php, line 34]
2013-02-21 19:12:47 Error: [FatalErrorException] require_once() [<a href='http://php.net/function.require'>function.require</a>]: Failed opening required 'fpdf_tpl.php' (include_path='/Users/bvanskyh/Sites/rbadmin/lib:.:/usr/local/php5/lib/php')
Request URL: /rbadmin/users/login
Stack Trace:
#0 /Users/bvanskyh/Sites/rbadmin/lib/Cake/Error/ErrorHandler.php(183): ErrorHandler::handleFatalError(64, 'require_once() ...', '/Users/bvanskyh...', 34)
#1 [internal function]: ErrorHandler::handleError(64, 'require_once() ...', '/Users/bvanskyh...', 34, Array)
#2 /Users/bvanskyh/Sites/rbadmin/lib/Cake/Core/App.php(926): call_user_func('ErrorHandler::h...', 64, 'require_once() ...', '/Users/bvanskyh...', 34, Array)
#3 /Users/bvanskyh/Sites/rbadmin/lib/Cake/Core/App.php(899): App::_checkFatalError()
#4 [internal function]: App::shutdown()
#5 {main}
2013-02-21 19:12:49 Error: Fatal Error (64): require_once() [<a href='http://php.net/function.require'>function.require</a>]: Failed opening required 'fpdf_tpl.php' (include_path='/Users/bvanskyh/Sites/rbadmin/lib:.:/usr/local/php5/lib/php') in [/Users/bvanskyh/Sites/rbadmin/admin/Vendor/fpdi/fpdi.php, line 34]
2013-02-21 19:12:49 Error: [FatalErrorException] require_once() [<a href='http://php.net/function.require'>function.require</a>]: Failed opening required 'fpdf_tpl.php' (include_path='/Users/bvanskyh/Sites/rbadmin/lib:.:/usr/local/php5/lib/php')
Request URL: /rbadmin/users/login
Stack Trace:
#0 /Users/bvanskyh/Sites/rbadmin/lib/Cake/Error/ErrorHandler.php(183): ErrorHandler::handleFatalError(64, 'require_once() ...', '/Users/bvanskyh...', 34)
#1 [internal function]: ErrorHandler::handleError(64, 'require_once() ...', '/Users/bvanskyh...', 34, Array)
#2 /Users/bvanskyh/Sites/rbadmin/lib/Cake/Core/App.php(926): call_user_func('ErrorHandler::h...', 64, 'require_once() ...', '/Users/bvanskyh...', 34, Array)
#3 /Users/bvanskyh/Sites/rbadmin/lib/Cake/Core/App.php(899): App::_checkFatalError()
#4 [internal function]: App::shutdown()
#5 {main}
2013-02-21 19:12:51 Error: Fatal Error (64): require_once() [<a href='http://php.net/function.require'>function.require</a>]: Failed opening required 'fpdf_tpl.php' (include_path='/Users/bvanskyh/Sites/rbadmin/lib:.:/usr/local/php5/lib/php') in [/Users/bvanskyh/Sites/rbadmin/admin/Vendor/fpdi/fpdi.php, line 34]
2013-02-21 19:12:51 Error: [FatalErrorException] require_once() [<a href='http://php.net/function.require'>function.require</a>]: Failed opening required 'fpdf_tpl.php' (include_path='/Users/bvanskyh/Sites/rbadmin/lib:.:/usr/local/php5/lib/php')
Request URL: /rbadmin/users/login
Stack Trace:
#0 /Users/bvanskyh/Sites/rbadmin/lib/Cake/Error/ErrorHandler.php(183): ErrorHandler::handleFatalError(64, 'require_once() ...', '/Users/bvanskyh...', 34)
#1 [internal function]: ErrorHandler::handleError(64, 'require_once() ...', '/Users/bvanskyh...', 34, Array)
#2 /Users/bvanskyh/Sites/rbadmin/lib/Cake/Core/App.php(926): call_user_func('ErrorHandler::h...', 64, 'require_once() ...', '/Users/bvanskyh...', 34, Array)
#3 /Users/bvanskyh/Sites/rbadmin/lib/Cake/Core/App.php(899): App::_checkFatalError()
#4 [internal function]: App::shutdown()
#5 {main}
2013-02-21 19:12:52 Error: Fatal Error (64): require_once() [<a href='http://php.net/function.require'>function.require</a>]: Failed opening required 'fpdf_tpl.php' (include_path='/Users/bvanskyh/Sites/rbadmin/lib:.:/usr/local/php5/lib/php') in [/Users/bvanskyh/Sites/rbadmin/admin/Vendor/fpdi/fpdi.php, line 34]
2013-02-21 19:12:52 Error: [FatalErrorException] require_once() [<a href='http://php.net/function.require'>function.require</a>]: Failed opening required 'fpdf_tpl.php' (include_path='/Users/bvanskyh/Sites/rbadmin/lib:.:/usr/local/php5/lib/php')
Request URL: /rbadmin/users/login
Stack Trace:
#0 /Users/bvanskyh/Sites/rbadmin/lib/Cake/Error/ErrorHandler.php(183): ErrorHandler::handleFatalError(64, 'require_once() ...', '/Users/bvanskyh...', 34)
#1 [internal function]: ErrorHandler::handleError(64, 'require_once() ...', '/Users/bvanskyh...', 34, Array)
#2 /Users/bvanskyh/Sites/rbadmin/lib/Cake/Core/App.php(926): call_user_func('ErrorHandler::h...', 64, 'require_once() ...', '/Users/bvanskyh...', 34, Array)
#3 /Users/bvanskyh/Sites/rbadmin/lib/Cake/Core/App.php(899): App::_checkFatalError()
#4 [internal function]: App::shutdown()
#5 {main}
2013-02-21 19:13:02 Error: [MissingConnectionException] Database connection "Mysql" is missing, or could not be created.
Exception Attributes: array (
  'class' => 'Mysql',
  'message' => 'SQLSTATE[HY000] [1049] Unknown database \'rbadmin\'',
  'enabled' => true,
)
Request URL: /rbadmin/users/login
Stack Trace:
#0 /Users/bvanskyh/Sites/rbadmin/lib/Cake/Model/Datasource/DboSource.php(261): Mysql->connect()
#1 /Users/bvanskyh/Sites/rbadmin/lib/Cake/Model/ConnectionManager.php(101): DboSource->__construct(Array)
#2 /Users/bvanskyh/Sites/rbadmin/lib/Cake/Model/Model.php(3195): ConnectionManager::getDataSource('default')
#3 /Users/bvanskyh/Sites/rbadmin/lib/Cake/Model/Model.php(1107): Model->setDataSource('default')
#4 /Users/bvanskyh/Sites/rbadmin/lib/Cake/Model/Model.php(3217): Model->setSource('users')
#5 /Users/bvanskyh/Sites/rbadmin/lib/Cake/Model/Model.php(1318): Model->getDataSource()
#6 /Users/bvanskyh/Sites/rbadmin/lib/Cake/View/Helper/FormHelper.php(197): Model->schema()
#7 /Users/bvanskyh/Sites/rbadmin/lib/Cake/View/Helper/FormHelper.php(446): FormHelper->_introspectModel('User', 'fields')
#8 /Users/bvanskyh/Sites/rbadmin/app/View/Users/login.ctp(1): FormHelper->create('User', Array)
#9 /Users/bvanskyh/Sites/rbadmin/lib/Cake/View/View.php(947): include('/Users/bvanskyh...')
#10 /Users/bvanskyh/Sites/rbadmin/lib/Cake/View/View.php(909): View->_evaluate('/Users/bvanskyh...', Array)
#11 /Users/bvanskyh/Sites/rbadmin/lib/Cake/View/View.php(470): View->_render('/Users/bvanskyh...')
#12 /Users/bvanskyh/Sites/rbadmin/lib/Cake/Controller/Controller.php(947): View->render(NULL, NULL)
#13 /Users/bvanskyh/Sites/rbadmin/lib/Cake/Routing/Dispatcher.php(193): Controller->render()
#14 /Users/bvanskyh/Sites/rbadmin/lib/Cake/Routing/Dispatcher.php(161): Dispatcher->_invoke(Object(UsersController), Object(CakeRequest), Object(CakeResponse))
#15 /Users/bvanskyh/Sites/rbadmin/app/webroot/index.php(97): Dispatcher->dispatch(Object(CakeRequest), Object(CakeResponse))
#16 {main}
2013-02-21 19:26:37 Error: [MissingTableException] Table players for model Player was not found in datasource default.
Exception Attributes: array (
  'table' => 'players',
  'class' => 'Player',
  'ds' => 'default',
)
Request URL: /rbadmin/
Stack Trace:
#0 /Users/bvanskyh/Sites/rbadmin/lib/Cake/Model/Model.php(3217): Model->setSource('players')
#1 /Users/bvanskyh/Sites/rbadmin/lib/Cake/Model/Model.php(2674): Model->getDataSource()
#2 /Users/bvanskyh/Sites/rbadmin/lib/Cake/Controller/Component/PaginatorComponent.php(195): Model->find('all', Array)
#3 /Users/bvanskyh/Sites/rbadmin/lib/Cake/Controller/Controller.php(1073): PaginatorComponent->paginate(NULL, Array, Array)
#4 /Users/bvanskyh/Sites/rbadmin/app/Controller/PlayersController.php(34): Controller->paginate()
#5 [internal function]: PlayersController->index()
#6 /Users/bvanskyh/Sites/rbadmin/lib/Cake/Controller/Controller.php(485): ReflectionMethod->invokeArgs(Object(PlayersController), Array)
#7 /Users/bvanskyh/Sites/rbadmin/lib/Cake/Routing/Dispatcher.php(186): Controller->invokeAction(Object(CakeRequest))
#8 /Users/bvanskyh/Sites/rbadmin/lib/Cake/Routing/Dispatcher.php(161): Dispatcher->_invoke(Object(PlayersController), Object(CakeRequest), Object(CakeResponse))
#9 /Users/bvanskyh/Sites/rbadmin/app/webroot/index.php(97): Dispatcher->dispatch(Object(CakeRequest), Object(CakeResponse))
#10 {main}
2013-03-04 14:57:10 Error: Fatal Error (4): syntax error, unexpected 'if' (T_IF), expecting function (T_FUNCTION) in [/Users/bvanskyh/Sites/rbadmin/app/Controller/PlayersController.php, line 357]
2013-03-04 14:57:10 Error: [FatalErrorException] syntax error, unexpected 'if' (T_IF), expecting function (T_FUNCTION)
Request URL: /rbadmin/players/accelerated_tryout/number/5
Stack Trace:
#0 /Users/bvanskyh/Sites/rbadmin/lib/Cake/Error/ErrorHandler.php(183): ErrorHandler::handleFatalError(4, 'syntax error, u...', '/Users/bvanskyh...', 357)
#1 [internal function]: ErrorHandler::handleError(4, 'syntax error, u...', '/Users/bvanskyh...', 357, Array)
#2 /Users/bvanskyh/Sites/rbadmin/lib/Cake/Core/App.php(926): call_user_func('ErrorHandler::h...', 4, 'syntax error, u...', '/Users/bvanskyh...', 357, Array)
#3 /Users/bvanskyh/Sites/rbadmin/lib/Cake/Core/App.php(899): App::_checkFatalError()
#4 [internal function]: App::shutdown()
#5 {main}
2013-03-04 15:03:06 Error: Fatal Error (4): syntax error, unexpected 'cacheQueries' (T_STRING), expecting variable (T_VARIABLE) in [/Users/bvanskyh/Sites/rbadmin/app/Model/Player.php, line 6]
2013-03-04 15:03:06 Error: [FatalErrorException] syntax error, unexpected 'cacheQueries' (T_STRING), expecting variable (T_VARIABLE)
Request URL: /rbadmin/players/tryout/number/5
Stack Trace:
#0 /Users/bvanskyh/Sites/rbadmin/lib/Cake/Error/ErrorHandler.php(183): ErrorHandler::handleFatalError(4, 'syntax error, u...', '/Users/bvanskyh...', 6)
#1 [internal function]: ErrorHandler::handleError(4, 'syntax error, u...', '/Users/bvanskyh...', 6, Array)
#2 /Users/bvanskyh/Sites/rbadmin/lib/Cake/Core/App.php(926): call_user_func('ErrorHandler::h...', 4, 'syntax error, u...', '/Users/bvanskyh...', 6, Array)
#3 /Users/bvanskyh/Sites/rbadmin/lib/Cake/Core/App.php(899): App::_checkFatalError()
#4 [internal function]: App::shutdown()
#5 {main}
