2012-03-17 08:42:51 Error: [MissingControllerException] Controller class UsersController could not be found.
#0 /Users/bvanskyh/Development/rbadmin/app/webroot/index.php(96): Dispatcher->dispatch(Object(CakeRequest), Object(CakeResponse))
#1 {main}
2012-03-17 09:11:34 Error: [MissingControllerException] Controller class UsersController could not be found.
#0 /Users/bvanskyh/Development/rbadmin/app/webroot/index.php(96): Dispatcher->dispatch(Object(CakeRequest), Object(CakeResponse))
#1 {main}
2012-03-17 10:45:28 Error: [MissingControllerException] Controller class UsersController could not be found.
#0 /Users/bvanskyh/Development/rbadmin/app/webroot/index.php(96): Dispatcher->dispatch(Object(CakeRequest), Object(CakeResponse))
#1 {main}
2012-03-17 10:45:39 Error: [MissingControllerException] Controller class UsersController could not be found.
#0 /Users/bvanskyh/Development/rbadmin/app/webroot/index.php(96): Dispatcher->dispatch(Object(CakeRequest), Object(CakeResponse))
#1 {main}
2012-03-17 10:46:22 Error: [MissingControllerException] Controller class UsersController could not be found.
#0 /Users/bvanskyh/Development/rbadmin/app/webroot/index.php(96): Dispatcher->dispatch(Object(CakeRequest), Object(CakeResponse))
#1 {main}
2012-03-17 10:47:46 Error: [MissingViewException] View file "/Users/bvanskyh/Development/rbadmin/app/View/Umpires/login.ctp" is missing.
#0 /Users/bvanskyh/Development/rbadmin/lib/Cake/View/View.php(460): View->_getViewFileName(NULL)
#1 /Users/bvanskyh/Development/rbadmin/lib/Cake/Controller/Controller.php(962): View->render(NULL, NULL)
#2 /Users/bvanskyh/Development/rbadmin/lib/Cake/Routing/Dispatcher.php(110): Controller->render()
#3 /Users/bvanskyh/Development/rbadmin/lib/Cake/Routing/Dispatcher.php(85): Dispatcher->_invoke(Object(UmpiresController), Object(CakeRequest), Object(CakeResponse))
#4 /Users/bvanskyh/Development/rbadmin/app/webroot/index.php(96): Dispatcher->dispatch(Object(CakeRequest), Object(CakeResponse))
#5 {main}
2012-03-17 10:49:14 Error: [MissingControllerException] Controller class UsersController could not be found.
#0 /Users/bvanskyh/Development/rbadmin/app/webroot/index.php(96): Dispatcher->dispatch(Object(CakeRequest), Object(CakeResponse))
#1 {main}
2012-03-17 10:49:27 Error: [MissingControllerException] Controller class UsersController could not be found.
#0 /Users/bvanskyh/Development/rbadmin/app/webroot/index.php(96): Dispatcher->dispatch(Object(CakeRequest), Object(CakeResponse))
#1 {main}
2012-03-17 10:49:32 Error: [MissingViewException] View file "/Users/bvanskyh/Development/rbadmin/app/View/Umpires/login.ctp" is missing.
#0 /Users/bvanskyh/Development/rbadmin/lib/Cake/View/View.php(460): View->_getViewFileName(NULL)
#1 /Users/bvanskyh/Development/rbadmin/lib/Cake/Controller/Controller.php(962): View->render(NULL, NULL)
#2 /Users/bvanskyh/Development/rbadmin/lib/Cake/Routing/Dispatcher.php(110): Controller->render()
#3 /Users/bvanskyh/Development/rbadmin/lib/Cake/Routing/Dispatcher.php(85): Dispatcher->_invoke(Object(UmpiresController), Object(CakeRequest), Object(CakeResponse))
#4 /Users/bvanskyh/Development/rbadmin/app/webroot/index.php(96): Dispatcher->dispatch(Object(CakeRequest), Object(CakeResponse))
#5 {main}
2012-03-17 10:50:22 Error: [MissingViewException] View file "/Users/bvanskyh/Development/rbadmin/app/View/Umpires/login.ctp" is missing.
#0 /Users/bvanskyh/Development/rbadmin/lib/Cake/View/View.php(460): View->_getViewFileName(NULL)
#1 /Users/bvanskyh/Development/rbadmin/lib/Cake/Controller/Controller.php(962): View->render(NULL, NULL)
#2 /Users/bvanskyh/Development/rbadmin/lib/Cake/Routing/Dispatcher.php(110): Controller->render()
#3 /Users/bvanskyh/Development/rbadmin/lib/Cake/Routing/Dispatcher.php(85): Dispatcher->_invoke(Object(UmpiresController), Object(CakeRequest), Object(CakeResponse))
#4 /Users/bvanskyh/Development/rbadmin/app/webroot/index.php(96): Dispatcher->dispatch(Object(CakeRequest), Object(CakeResponse))
#5 {main}
2012-03-17 10:50:50 Error: [MissingControllerException] Controller class UsersController could not be found.
#0 /Users/bvanskyh/Development/rbadmin/app/webroot/index.php(96): Dispatcher->dispatch(Object(CakeRequest), Object(CakeResponse))
#1 {main}
2012-03-17 12:04:47 Error: [MissingControllerException] Controller class JsController could not be found.
#0 /Users/bvanskyh/Development/rbadmin/app/webroot/index.php(96): Dispatcher->dispatch(Object(CakeRequest), Object(CakeResponse))
#1 {main}
2012-03-17 12:05:04 Error: [MissingControllerException] Controller class JsController could not be found.
#0 /Users/bvanskyh/Development/rbadmin/app/webroot/index.php(96): Dispatcher->dispatch(Object(CakeRequest), Object(CakeResponse))
#1 {main}
2012-03-17 12:06:21 Error: [MissingControllerException] Controller class JsController could not be found.
#0 /Users/bvanskyh/Development/rbadmin/app/webroot/index.php(96): Dispatcher->dispatch(Object(CakeRequest), Object(CakeResponse))
#1 {main}
2012-03-17 12:06:21 Error: [MissingControllerException] Controller class ImgController could not be found.
#0 /Users/bvanskyh/Development/rbadmin/app/webroot/index.php(96): Dispatcher->dispatch(Object(CakeRequest), Object(CakeResponse))
#1 {main}
2012-03-17 12:09:02 Error: [MissingControllerException] Controller class JsController could not be found.
#0 /Users/bvanskyh/Development/rbadmin/app/webroot/index.php(96): Dispatcher->dispatch(Object(CakeRequest), Object(CakeResponse))
#1 {main}
2012-03-17 12:09:02 Error: [MissingControllerException] Controller class ImgController could not be found.
#0 /Users/bvanskyh/Development/rbadmin/app/webroot/index.php(96): Dispatcher->dispatch(Object(CakeRequest), Object(CakeResponse))
#1 {main}
2012-03-17 12:09:15 Error: [MissingActionException] Action UmpiresController::index() could not be found.
#0 /Users/bvanskyh/Development/rbadmin/lib/Cake/Routing/Dispatcher.php(103): Controller->invokeAction(Object(CakeRequest))
#1 /Users/bvanskyh/Development/rbadmin/lib/Cake/Routing/Dispatcher.php(85): Dispatcher->_invoke(Object(UmpiresController), Object(CakeRequest), Object(CakeResponse))
#2 /Users/bvanskyh/Development/rbadmin/app/webroot/index.php(96): Dispatcher->dispatch(Object(CakeRequest), Object(CakeResponse))
#3 {main}
2012-03-17 12:09:15 Error: [MissingControllerException] Controller class JsController could not be found.
#0 /Users/bvanskyh/Development/rbadmin/app/webroot/index.php(96): Dispatcher->dispatch(Object(CakeRequest), Object(CakeResponse))
#1 {main}
2012-03-17 12:09:16 Error: [MissingControllerException] Controller class ImgController could not be found.
#0 /Users/bvanskyh/Development/rbadmin/app/webroot/index.php(96): Dispatcher->dispatch(Object(CakeRequest), Object(CakeResponse))
#1 {main}
2012-03-17 12:09:38 Error: [MissingControllerException] Controller class JsController could not be found.
#0 /Users/bvanskyh/Development/rbadmin/app/webroot/index.php(96): Dispatcher->dispatch(Object(CakeRequest), Object(CakeResponse))
#1 {main}
2012-03-17 12:09:38 Error: [MissingControllerException] Controller class ImgController could not be found.
#0 /Users/bvanskyh/Development/rbadmin/app/webroot/index.php(96): Dispatcher->dispatch(Object(CakeRequest), Object(CakeResponse))
#1 {main}
2012-03-17 12:09:43 Error: [MissingControllerException] Controller class JsController could not be found.
#0 /Users/bvanskyh/Development/rbadmin/app/webroot/index.php(96): Dispatcher->dispatch(Object(CakeRequest), Object(CakeResponse))
#1 {main}
2012-03-17 12:09:43 Error: [MissingControllerException] Controller class ImgController could not be found.
#0 /Users/bvanskyh/Development/rbadmin/app/webroot/index.php(96): Dispatcher->dispatch(Object(CakeRequest), Object(CakeResponse))
#1 {main}
2012-03-17 12:10:16 Error: [MissingControllerException] Controller class JsController could not be found.
#0 /Users/bvanskyh/Development/rbadmin/app/webroot/index.php(96): Dispatcher->dispatch(Object(CakeRequest), Object(CakeResponse))
#1 {main}
2012-03-17 12:10:16 Error: [MissingControllerException] Controller class ImgController could not be found.
#0 /Users/bvanskyh/Development/rbadmin/app/webroot/index.php(96): Dispatcher->dispatch(Object(CakeRequest), Object(CakeResponse))
#1 {main}
2012-03-17 12:10:26 Error: [MissingControllerException] Controller class ImgController could not be found.
#0 /Users/bvanskyh/Development/rbadmin/app/webroot/index.php(96): Dispatcher->dispatch(Object(CakeRequest), Object(CakeResponse))
#1 {main}
2012-03-17 12:10:26 Error: [MissingControllerException] Controller class JsController could not be found.
#0 /Users/bvanskyh/Development/rbadmin/app/webroot/index.php(96): Dispatcher->dispatch(Object(CakeRequest), Object(CakeResponse))
#1 {main}
2012-03-17 12:10:43 Error: [MissingControllerException] Controller class JsController could not be found.
#0 /Users/bvanskyh/Development/rbadmin/app/webroot/index.php(96): Dispatcher->dispatch(Object(CakeRequest), Object(CakeResponse))
#1 {main}
2012-03-17 12:10:43 Error: [MissingControllerException] Controller class ImgController could not be found.
#0 /Users/bvanskyh/Development/rbadmin/app/webroot/index.php(96): Dispatcher->dispatch(Object(CakeRequest), Object(CakeResponse))
#1 {main}
2012-03-17 12:10:47 Error: [MissingControllerException] Controller class JsController could not be found.
#0 /Users/bvanskyh/Development/rbadmin/app/webroot/index.php(96): Dispatcher->dispatch(Object(CakeRequest), Object(CakeResponse))
#1 {main}
2012-03-17 12:10:47 Error: [MissingControllerException] Controller class ImgController could not be found.
#0 /Users/bvanskyh/Development/rbadmin/app/webroot/index.php(96): Dispatcher->dispatch(Object(CakeRequest), Object(CakeResponse))
#1 {main}
2012-03-17 12:10:51 Error: [MissingControllerException] Controller class JsController could not be found.
#0 /Users/bvanskyh/Development/rbadmin/app/webroot/index.php(96): Dispatcher->dispatch(Object(CakeRequest), Object(CakeResponse))
#1 {main}
2012-03-17 12:10:51 Error: [MissingControllerException] Controller class ImgController could not be found.
#0 /Users/bvanskyh/Development/rbadmin/app/webroot/index.php(96): Dispatcher->dispatch(Object(CakeRequest), Object(CakeResponse))
#1 {main}
2012-03-17 12:10:57 Error: [MissingControllerException] Controller class JsController could not be found.
#0 /Users/bvanskyh/Development/rbadmin/app/webroot/index.php(96): Dispatcher->dispatch(Object(CakeRequest), Object(CakeResponse))
#1 {main}
2012-03-17 12:10:57 Error: [MissingControllerException] Controller class ImgController could not be found.
#0 /Users/bvanskyh/Development/rbadmin/app/webroot/index.php(96): Dispatcher->dispatch(Object(CakeRequest), Object(CakeResponse))
#1 {main}
2012-03-17 12:10:59 Error: [MissingControllerException] Controller class ImgController could not be found.
#0 /Users/bvanskyh/Development/rbadmin/app/webroot/index.php(96): Dispatcher->dispatch(Object(CakeRequest), Object(CakeResponse))
#1 {main}
2012-03-17 12:10:59 Error: [MissingControllerException] Controller class JsController could not be found.
#0 /Users/bvanskyh/Development/rbadmin/app/webroot/index.php(96): Dispatcher->dispatch(Object(CakeRequest), Object(CakeResponse))
#1 {main}
2012-03-17 12:11:04 Error: [MissingControllerException] Controller class JsController could not be found.
#0 /Users/bvanskyh/Development/rbadmin/app/webroot/index.php(96): Dispatcher->dispatch(Object(CakeRequest), Object(CakeResponse))
#1 {main}
2012-03-17 12:11:04 Error: [MissingControllerException] Controller class ImgController could not be found.
#0 /Users/bvanskyh/Development/rbadmin/app/webroot/index.php(96): Dispatcher->dispatch(Object(CakeRequest), Object(CakeResponse))
#1 {main}
2012-03-17 12:11:13 Error: [MissingControllerException] Controller class JsController could not be found.
#0 /Users/bvanskyh/Development/rbadmin/app/webroot/index.php(96): Dispatcher->dispatch(Object(CakeRequest), Object(CakeResponse))
#1 {main}
2012-03-17 12:11:13 Error: [MissingControllerException] Controller class ImgController could not be found.
#0 /Users/bvanskyh/Development/rbadmin/app/webroot/index.php(96): Dispatcher->dispatch(Object(CakeRequest), Object(CakeResponse))
#1 {main}
2012-03-17 12:12:00 Error: [MissingControllerException] Controller class JsController could not be found.
#0 /Users/bvanskyh/Development/rbadmin/app/webroot/index.php(96): Dispatcher->dispatch(Object(CakeRequest), Object(CakeResponse))
#1 {main}
2012-03-17 12:12:00 Error: [MissingControllerException] Controller class ImgController could not be found.
#0 /Users/bvanskyh/Development/rbadmin/app/webroot/index.php(96): Dispatcher->dispatch(Object(CakeRequest), Object(CakeResponse))
#1 {main}
2012-03-17 12:12:38 Error: [MissingControllerException] Controller class JsController could not be found.
#0 /Users/bvanskyh/Development/rbadmin/app/webroot/index.php(96): Dispatcher->dispatch(Object(CakeRequest), Object(CakeResponse))
#1 {main}
2012-03-17 12:12:38 Error: [MissingControllerException] Controller class ImgController could not be found.
#0 /Users/bvanskyh/Development/rbadmin/app/webroot/index.php(96): Dispatcher->dispatch(Object(CakeRequest), Object(CakeResponse))
#1 {main}
2012-03-17 12:14:16 Error: [MissingControllerException] Controller class JsController could not be found.
#0 /Users/bvanskyh/Development/rbadmin/app/webroot/index.php(96): Dispatcher->dispatch(Object(CakeRequest), Object(CakeResponse))
#1 {main}
2012-03-17 12:14:16 Error: [MissingControllerException] Controller class ImgController could not be found.
#0 /Users/bvanskyh/Development/rbadmin/app/webroot/index.php(96): Dispatcher->dispatch(Object(CakeRequest), Object(CakeResponse))
#1 {main}
2012-03-17 12:14:52 Error: [MissingControllerException] Controller class JsController could not be found.
#0 /Users/bvanskyh/Development/rbadmin/app/webroot/index.php(96): Dispatcher->dispatch(Object(CakeRequest), Object(CakeResponse))
#1 {main}
2012-03-17 12:14:52 Error: [MissingControllerException] Controller class ImgController could not be found.
#0 /Users/bvanskyh/Development/rbadmin/app/webroot/index.php(96): Dispatcher->dispatch(Object(CakeRequest), Object(CakeResponse))
#1 {main}
2012-03-17 12:14:56 Error: [MissingControllerException] Controller class JsController could not be found.
#0 /Users/bvanskyh/Development/rbadmin/app/webroot/index.php(96): Dispatcher->dispatch(Object(CakeRequest), Object(CakeResponse))
#1 {main}
2012-03-17 12:14:56 Error: [MissingControllerException] Controller class ImgController could not be found.
#0 /Users/bvanskyh/Development/rbadmin/app/webroot/index.php(96): Dispatcher->dispatch(Object(CakeRequest), Object(CakeResponse))
#1 {main}
2012-03-17 12:17:03 Error: [MissingControllerException] Controller class JsController could not be found.
#0 /Users/bvanskyh/Development/rbadmin/app/webroot/index.php(96): Dispatcher->dispatch(Object(CakeRequest), Object(CakeResponse))
#1 {main}
2012-03-17 12:17:03 Error: [MissingControllerException] Controller class ImgController could not be found.
#0 /Users/bvanskyh/Development/rbadmin/app/webroot/index.php(96): Dispatcher->dispatch(Object(CakeRequest), Object(CakeResponse))
#1 {main}
2012-03-17 12:17:10 Error: [MissingControllerException] Controller class UsersController could not be found.
#0 /Users/bvanskyh/Development/rbadmin/app/webroot/index.php(96): Dispatcher->dispatch(Object(CakeRequest), Object(CakeResponse))
#1 {main}
2012-03-17 12:17:10 Error: [MissingControllerException] Controller class ImgController could not be found.
#0 /Users/bvanskyh/Development/rbadmin/app/webroot/index.php(96): Dispatcher->dispatch(Object(CakeRequest), Object(CakeResponse))
#1 {main}
2012-03-17 12:17:10 Error: [MissingControllerException] Controller class JsController could not be found.
#0 /Users/bvanskyh/Development/rbadmin/app/webroot/index.php(96): Dispatcher->dispatch(Object(CakeRequest), Object(CakeResponse))
#1 {main}
2012-03-17 12:19:11 Error: [MissingControllerException] Controller class UsersController could not be found.
#0 /Users/bvanskyh/Development/rbadmin/app/webroot/index.php(96): Dispatcher->dispatch(Object(CakeRequest), Object(CakeResponse))
#1 {main}
2012-03-17 12:19:12 Error: [MissingControllerException] Controller class JsController could not be found.
#0 /Users/bvanskyh/Development/rbadmin/app/webroot/index.php(96): Dispatcher->dispatch(Object(CakeRequest), Object(CakeResponse))
#1 {main}
2012-03-17 12:19:12 Error: [MissingControllerException] Controller class ImgController could not be found.
#0 /Users/bvanskyh/Development/rbadmin/app/webroot/index.php(96): Dispatcher->dispatch(Object(CakeRequest), Object(CakeResponse))
#1 {main}
2012-03-17 12:19:15 Error: [MissingControllerException] Controller class JsController could not be found.
#0 /Users/bvanskyh/Development/rbadmin/app/webroot/index.php(96): Dispatcher->dispatch(Object(CakeRequest), Object(CakeResponse))
#1 {main}
2012-03-17 12:19:15 Error: [MissingControllerException] Controller class ImgController could not be found.
#0 /Users/bvanskyh/Development/rbadmin/app/webroot/index.php(96): Dispatcher->dispatch(Object(CakeRequest), Object(CakeResponse))
#1 {main}
2012-03-17 12:19:17 Error: [MissingViewException] View file "/Users/bvanskyh/Development/rbadmin/app/View/Umpires/profile.ctp" is missing.
#0 /Users/bvanskyh/Development/rbadmin/lib/Cake/View/View.php(460): View->_getViewFileName(NULL)
#1 /Users/bvanskyh/Development/rbadmin/lib/Cake/Controller/Controller.php(962): View->render(NULL, NULL)
#2 /Users/bvanskyh/Development/rbadmin/lib/Cake/Routing/Dispatcher.php(110): Controller->render()
#3 /Users/bvanskyh/Development/rbadmin/lib/Cake/Routing/Dispatcher.php(85): Dispatcher->_invoke(Object(UmpiresController), Object(CakeRequest), Object(CakeResponse))
#4 /Users/bvanskyh/Development/rbadmin/app/webroot/index.php(96): Dispatcher->dispatch(Object(CakeRequest), Object(CakeResponse))
#5 {main}
2012-03-17 12:19:17 Error: [MissingControllerException] Controller class ImgController could not be found.
#0 /Users/bvanskyh/Development/rbadmin/app/webroot/index.php(96): Dispatcher->dispatch(Object(CakeRequest), Object(CakeResponse))
#1 {main}
2012-03-17 12:19:17 Error: [MissingControllerException] Controller class JsController could not be found.
#0 /Users/bvanskyh/Development/rbadmin/app/webroot/index.php(96): Dispatcher->dispatch(Object(CakeRequest), Object(CakeResponse))
#1 {main}
2012-03-17 12:19:48 Error: [MissingViewException] View file "/Users/bvanskyh/Development/rbadmin/app/View/Umpires/profile.ctp" is missing.
#0 /Users/bvanskyh/Development/rbadmin/lib/Cake/View/View.php(460): View->_getViewFileName(NULL)
#1 /Users/bvanskyh/Development/rbadmin/lib/Cake/Controller/Controller.php(962): View->render(NULL, NULL)
#2 /Users/bvanskyh/Development/rbadmin/lib/Cake/Routing/Dispatcher.php(110): Controller->render()
#3 /Users/bvanskyh/Development/rbadmin/lib/Cake/Routing/Dispatcher.php(85): Dispatcher->_invoke(Object(UmpiresController), Object(CakeRequest), Object(CakeResponse))
#4 /Users/bvanskyh/Development/rbadmin/app/webroot/index.php(96): Dispatcher->dispatch(Object(CakeRequest), Object(CakeResponse))
#5 {main}
2012-03-17 12:19:48 Error: [MissingControllerException] Controller class ImgController could not be found.
#0 /Users/bvanskyh/Development/rbadmin/app/webroot/index.php(96): Dispatcher->dispatch(Object(CakeRequest), Object(CakeResponse))
#1 {main}
2012-03-17 12:19:48 Error: [MissingControllerException] Controller class JsController could not be found.
#0 /Users/bvanskyh/Development/rbadmin/app/webroot/index.php(96): Dispatcher->dispatch(Object(CakeRequest), Object(CakeResponse))
#1 {main}
2012-03-17 12:20:22 Error: [MissingControllerException] Controller class JsController could not be found.
#0 /Users/bvanskyh/Development/rbadmin/app/webroot/index.php(96): Dispatcher->dispatch(Object(CakeRequest), Object(CakeResponse))
#1 {main}
2012-03-17 12:20:22 Error: [MissingControllerException] Controller class ImgController could not be found.
#0 /Users/bvanskyh/Development/rbadmin/app/webroot/index.php(96): Dispatcher->dispatch(Object(CakeRequest), Object(CakeResponse))
#1 {main}
2012-03-17 12:21:41 Error: [MissingControllerException] Controller class JsController could not be found.
#0 /Users/bvanskyh/Development/rbadmin/app/webroot/index.php(96): Dispatcher->dispatch(Object(CakeRequest), Object(CakeResponse))
#1 {main}
2012-03-17 12:21:41 Error: [MissingControllerException] Controller class ImgController could not be found.
#0 /Users/bvanskyh/Development/rbadmin/app/webroot/index.php(96): Dispatcher->dispatch(Object(CakeRequest), Object(CakeResponse))
#1 {main}
2012-03-17 12:21:54 Error: [MissingControllerException] Controller class ImgController could not be found.
#0 /Users/bvanskyh/Development/rbadmin/app/webroot/index.php(96): Dispatcher->dispatch(Object(CakeRequest), Object(CakeResponse))
#1 {main}
2012-03-17 12:21:54 Error: [MissingControllerException] Controller class JsController could not be found.
#0 /Users/bvanskyh/Development/rbadmin/app/webroot/index.php(96): Dispatcher->dispatch(Object(CakeRequest), Object(CakeResponse))
#1 {main}
2012-03-17 12:22:26 Error: [MissingControllerException] Controller class ImgController could not be found.
#0 /Users/bvanskyh/Development/rbadmin/app/webroot/index.php(96): Dispatcher->dispatch(Object(CakeRequest), Object(CakeResponse))
#1 {main}
2012-03-17 12:22:26 Error: [MissingControllerException] Controller class JsController could not be found.
#0 /Users/bvanskyh/Development/rbadmin/app/webroot/index.php(96): Dispatcher->dispatch(Object(CakeRequest), Object(CakeResponse))
#1 {main}
2012-03-17 12:22:47 Error: [MissingControllerException] Controller class ImgController could not be found.
#0 /Users/bvanskyh/Development/rbadmin/app/webroot/index.php(96): Dispatcher->dispatch(Object(CakeRequest), Object(CakeResponse))
#1 {main}
2012-03-17 12:22:47 Error: [MissingControllerException] Controller class JsController could not be found.
#0 /Users/bvanskyh/Development/rbadmin/app/webroot/index.php(96): Dispatcher->dispatch(Object(CakeRequest), Object(CakeResponse))
#1 {main}
2012-03-17 12:22:52 Error: [MissingControllerException] Controller class GamesController could not be found.
#0 /Users/bvanskyh/Development/rbadmin/app/webroot/index.php(96): Dispatcher->dispatch(Object(CakeRequest), Object(CakeResponse))
#1 {main}
2012-03-17 12:22:52 Error: [MissingControllerException] Controller class JsController could not be found.
#0 /Users/bvanskyh/Development/rbadmin/app/webroot/index.php(96): Dispatcher->dispatch(Object(CakeRequest), Object(CakeResponse))
#1 {main}
2012-03-17 12:22:52 Error: [MissingControllerException] Controller class ImgController could not be found.
#0 /Users/bvanskyh/Development/rbadmin/app/webroot/index.php(96): Dispatcher->dispatch(Object(CakeRequest), Object(CakeResponse))
#1 {main}
2012-03-17 12:26:12 Error: [MissingControllerException] Controller class GamesController could not be found.
#0 /Users/bvanskyh/Development/rbadmin/app/webroot/index.php(96): Dispatcher->dispatch(Object(CakeRequest), Object(CakeResponse))
#1 {main}
2012-03-17 12:26:12 Error: [MissingControllerException] Controller class JsController could not be found.
#0 /Users/bvanskyh/Development/rbadmin/app/webroot/index.php(96): Dispatcher->dispatch(Object(CakeRequest), Object(CakeResponse))
#1 {main}
2012-03-17 12:26:12 Error: [MissingControllerException] Controller class ImgController could not be found.
#0 /Users/bvanskyh/Development/rbadmin/app/webroot/index.php(96): Dispatcher->dispatch(Object(CakeRequest), Object(CakeResponse))
#1 {main}
2012-03-17 12:26:51 Error: [MissingTableException] Table requests for model Request was not found in datasource default.
#0 /Users/bvanskyh/Development/rbadmin/lib/Cake/Model/Model.php(3380): Model->setSource('requests')
#1 /Users/bvanskyh/Development/rbadmin/lib/Cake/Model/Model.php(2635): Model->getDataSource()
#2 /Users/bvanskyh/Development/rbadmin/app/Controller/GamesController.php(96): Model->find('all', Array)
#3 [internal function]: GamesController->request()
#4 /Users/bvanskyh/Development/rbadmin/lib/Cake/Controller/Controller.php(488): ReflectionMethod->invokeArgs(Object(GamesController), Array)
#5 /Users/bvanskyh/Development/rbadmin/lib/Cake/Routing/Dispatcher.php(103): Controller->invokeAction(Object(CakeRequest))
#6 /Users/bvanskyh/Development/rbadmin/lib/Cake/Routing/Dispatcher.php(85): Dispatcher->_invoke(Object(GamesController), Object(CakeRequest), Object(CakeResponse))
#7 /Users/bvanskyh/Development/rbadmin/app/webroot/index.php(96): Dispatcher->dispatch(Object(CakeRequest), Object(CakeResponse))
#8 {main}
2012-03-17 12:26:52 Error: [MissingControllerException] Controller class JsController could not be found.
#0 /Users/bvanskyh/Development/rbadmin/app/webroot/index.php(96): Dispatcher->dispatch(Object(CakeRequest), Object(CakeResponse))
#1 {main}
2012-03-17 12:26:52 Error: [MissingControllerException] Controller class ImgController could not be found.
#0 /Users/bvanskyh/Development/rbadmin/app/webroot/index.php(96): Dispatcher->dispatch(Object(CakeRequest), Object(CakeResponse))
#1 {main}
2012-03-17 12:27:17 Error: [MissingViewException] View file "/Users/bvanskyh/Development/rbadmin/app/View/Games/request.ctp" is missing.
#0 /Users/bvanskyh/Development/rbadmin/lib/Cake/View/View.php(460): View->_getViewFileName(NULL)
#1 /Users/bvanskyh/Development/rbadmin/lib/Cake/Controller/Controller.php(962): View->render(NULL, NULL)
#2 /Users/bvanskyh/Development/rbadmin/lib/Cake/Routing/Dispatcher.php(110): Controller->render()
#3 /Users/bvanskyh/Development/rbadmin/lib/Cake/Routing/Dispatcher.php(85): Dispatcher->_invoke(Object(GamesController), Object(CakeRequest), Object(CakeResponse))
#4 /Users/bvanskyh/Development/rbadmin/app/webroot/index.php(96): Dispatcher->dispatch(Object(CakeRequest), Object(CakeResponse))
#5 {main}
2012-03-17 12:27:17 Error: [MissingControllerException] Controller class JsController could not be found.
#0 /Users/bvanskyh/Development/rbadmin/app/webroot/index.php(96): Dispatcher->dispatch(Object(CakeRequest), Object(CakeResponse))
#1 {main}
2012-03-17 12:27:17 Error: [MissingControllerException] Controller class ImgController could not be found.
#0 /Users/bvanskyh/Development/rbadmin/app/webroot/index.php(96): Dispatcher->dispatch(Object(CakeRequest), Object(CakeResponse))
#1 {main}
2012-03-17 12:28:34 Error: [MissingControllerException] Controller class CssController could not be found.
#0 /Users/bvanskyh/Development/rbadmin/app/webroot/index.php(96): Dispatcher->dispatch(Object(CakeRequest), Object(CakeResponse))
#1 {main}
2012-03-17 12:28:34 Error: [MissingControllerException] Controller class JsController could not be found.
#0 /Users/bvanskyh/Development/rbadmin/app/webroot/index.php(96): Dispatcher->dispatch(Object(CakeRequest), Object(CakeResponse))
#1 {main}
2012-03-17 12:28:34 Error: [MissingControllerException] Controller class ImgController could not be found.
#0 /Users/bvanskyh/Development/rbadmin/app/webroot/index.php(96): Dispatcher->dispatch(Object(CakeRequest), Object(CakeResponse))
#1 {main}
2012-03-17 12:28:34 Error: [MissingControllerException] Controller class JsController could not be found.
#0 /Users/bvanskyh/Development/rbadmin/app/webroot/index.php(96): Dispatcher->dispatch(Object(CakeRequest), Object(CakeResponse))
#1 {main}
2012-03-17 12:28:34 Error: [MissingControllerException] Controller class JsController could not be found.
#0 /Users/bvanskyh/Development/rbadmin/app/webroot/index.php(96): Dispatcher->dispatch(Object(CakeRequest), Object(CakeResponse))
#1 {main}
2012-03-17 12:28:34 Error: [MissingControllerException] Controller class JsController could not be found.
#0 /Users/bvanskyh/Development/rbadmin/app/webroot/index.php(96): Dispatcher->dispatch(Object(CakeRequest), Object(CakeResponse))
#1 {main}
2012-03-17 12:29:26 Error: [MissingControllerException] Controller class CssController could not be found.
#0 /Users/bvanskyh/Development/rbadmin/app/webroot/index.php(96): Dispatcher->dispatch(Object(CakeRequest), Object(CakeResponse))
#1 {main}
2012-03-17 12:29:26 Error: [MissingControllerException] Controller class JsController could not be found.
#0 /Users/bvanskyh/Development/rbadmin/app/webroot/index.php(96): Dispatcher->dispatch(Object(CakeRequest), Object(CakeResponse))
#1 {main}
2012-03-17 12:29:26 Error: [MissingControllerException] Controller class JsController could not be found.
#0 /Users/bvanskyh/Development/rbadmin/app/webroot/index.php(96): Dispatcher->dispatch(Object(CakeRequest), Object(CakeResponse))
#1 {main}
2012-03-17 12:29:26 Error: [MissingControllerException] Controller class JsController could not be found.
#0 /Users/bvanskyh/Development/rbadmin/app/webroot/index.php(96): Dispatcher->dispatch(Object(CakeRequest), Object(CakeResponse))
#1 {main}
2012-03-17 12:29:26 Error: [MissingControllerException] Controller class ImgController could not be found.
#0 /Users/bvanskyh/Development/rbadmin/app/webroot/index.php(96): Dispatcher->dispatch(Object(CakeRequest), Object(CakeResponse))
#1 {main}
2012-03-17 12:29:26 Error: [MissingControllerException] Controller class JsController could not be found.
#0 /Users/bvanskyh/Development/rbadmin/app/webroot/index.php(96): Dispatcher->dispatch(Object(CakeRequest), Object(CakeResponse))
#1 {main}
2012-03-17 12:30:35 Error: [MissingControllerException] Controller class JsController could not be found.
#0 /Users/bvanskyh/Development/rbadmin/app/webroot/index.php(96): Dispatcher->dispatch(Object(CakeRequest), Object(CakeResponse))
#1 {main}
2012-03-17 12:30:35 Error: [MissingControllerException] Controller class JsController could not be found.
#0 /Users/bvanskyh/Development/rbadmin/app/webroot/index.php(96): Dispatcher->dispatch(Object(CakeRequest), Object(CakeResponse))
#1 {main}
2012-03-17 12:30:35 Error: [MissingControllerException] Controller class ImgController could not be found.
#0 /Users/bvanskyh/Development/rbadmin/app/webroot/index.php(96): Dispatcher->dispatch(Object(CakeRequest), Object(CakeResponse))
#1 {main}
2012-03-17 12:30:35 Error: [MissingControllerException] Controller class JsController could not be found.
#0 /Users/bvanskyh/Development/rbadmin/app/webroot/index.php(96): Dispatcher->dispatch(Object(CakeRequest), Object(CakeResponse))
#1 {main}
2012-03-17 12:30:35 Error: [MissingControllerException] Controller class JsController could not be found.
#0 /Users/bvanskyh/Development/rbadmin/app/webroot/index.php(96): Dispatcher->dispatch(Object(CakeRequest), Object(CakeResponse))
#1 {main}
2012-03-17 12:30:35 Error: [MissingControllerException] Controller class CssController could not be found.
#0 /Users/bvanskyh/Development/rbadmin/app/webroot/index.php(96): Dispatcher->dispatch(Object(CakeRequest), Object(CakeResponse))
#1 {main}
2012-03-17 12:30:42 Error: [MissingControllerException] Controller class JsController could not be found.
#0 /Users/bvanskyh/Development/rbadmin/app/webroot/index.php(96): Dispatcher->dispatch(Object(CakeRequest), Object(CakeResponse))
#1 {main}
2012-03-17 12:30:42 Error: [MissingControllerException] Controller class JsController could not be found.
#0 /Users/bvanskyh/Development/rbadmin/app/webroot/index.php(96): Dispatcher->dispatch(Object(CakeRequest), Object(CakeResponse))
#1 {main}
2012-03-17 12:30:42 Error: [MissingControllerException] Controller class ImgController could not be found.
#0 /Users/bvanskyh/Development/rbadmin/app/webroot/index.php(96): Dispatcher->dispatch(Object(CakeRequest), Object(CakeResponse))
#1 {main}
2012-03-17 12:30:42 Error: [MissingControllerException] Controller class JsController could not be found.
#0 /Users/bvanskyh/Development/rbadmin/app/webroot/index.php(96): Dispatcher->dispatch(Object(CakeRequest), Object(CakeResponse))
#1 {main}
2012-03-17 12:30:42 Error: [MissingControllerException] Controller class CssController could not be found.
#0 /Users/bvanskyh/Development/rbadmin/app/webroot/index.php(96): Dispatcher->dispatch(Object(CakeRequest), Object(CakeResponse))
#1 {main}
2012-03-17 12:30:42 Error: [MissingControllerException] Controller class JsController could not be found.
#0 /Users/bvanskyh/Development/rbadmin/app/webroot/index.php(96): Dispatcher->dispatch(Object(CakeRequest), Object(CakeResponse))
#1 {main}
2012-03-17 12:31:13 Error: [MissingControllerException] Controller class ImgController could not be found.
#0 /Users/bvanskyh/Development/rbadmin/app/webroot/index.php(96): Dispatcher->dispatch(Object(CakeRequest), Object(CakeResponse))
#1 {main}
2012-03-17 12:31:13 Error: [MissingControllerException] Controller class JsController could not be found.
#0 /Users/bvanskyh/Development/rbadmin/app/webroot/index.php(96): Dispatcher->dispatch(Object(CakeRequest), Object(CakeResponse))
#1 {main}
2012-03-17 12:31:13 Error: [MissingControllerException] Controller class CssController could not be found.
#0 /Users/bvanskyh/Development/rbadmin/app/webroot/index.php(96): Dispatcher->dispatch(Object(CakeRequest), Object(CakeResponse))
#1 {main}
2012-03-17 12:31:13 Error: [MissingControllerException] Controller class JsController could not be found.
#0 /Users/bvanskyh/Development/rbadmin/app/webroot/index.php(96): Dispatcher->dispatch(Object(CakeRequest), Object(CakeResponse))
#1 {main}
2012-03-17 12:31:13 Error: [MissingControllerException] Controller class JsController could not be found.
#0 /Users/bvanskyh/Development/rbadmin/app/webroot/index.php(96): Dispatcher->dispatch(Object(CakeRequest), Object(CakeResponse))
#1 {main}
2012-03-17 12:31:13 Error: [MissingControllerException] Controller class JsController could not be found.
#0 /Users/bvanskyh/Development/rbadmin/app/webroot/index.php(96): Dispatcher->dispatch(Object(CakeRequest), Object(CakeResponse))
#1 {main}
2012-03-17 12:32:06 Error: [MissingControllerException] Controller class JsController could not be found.
#0 /Users/bvanskyh/Development/rbadmin/app/webroot/index.php(96): Dispatcher->dispatch(Object(CakeRequest), Object(CakeResponse))
#1 {main}
2012-03-17 12:32:06 Error: [MissingControllerException] Controller class JsController could not be found.
#0 /Users/bvanskyh/Development/rbadmin/app/webroot/index.php(96): Dispatcher->dispatch(Object(CakeRequest), Object(CakeResponse))
#1 {main}
2012-03-17 12:32:06 Error: [MissingControllerException] Controller class JsController could not be found.
#0 /Users/bvanskyh/Development/rbadmin/app/webroot/index.php(96): Dispatcher->dispatch(Object(CakeRequest), Object(CakeResponse))
#1 {main}
2012-03-17 12:32:06 Error: [MissingControllerException] Controller class JsController could not be found.
#0 /Users/bvanskyh/Development/rbadmin/app/webroot/index.php(96): Dispatcher->dispatch(Object(CakeRequest), Object(CakeResponse))
#1 {main}
2012-03-17 12:32:06 Error: [MissingControllerException] Controller class CssController could not be found.
#0 /Users/bvanskyh/Development/rbadmin/app/webroot/index.php(96): Dispatcher->dispatch(Object(CakeRequest), Object(CakeResponse))
#1 {main}
2012-03-17 12:32:06 Error: [MissingControllerException] Controller class ImgController could not be found.
#0 /Users/bvanskyh/Development/rbadmin/app/webroot/index.php(96): Dispatcher->dispatch(Object(CakeRequest), Object(CakeResponse))
#1 {main}
2012-03-17 12:32:14 Error: [MissingControllerException] Controller class JsController could not be found.
#0 /Users/bvanskyh/Development/rbadmin/app/webroot/index.php(96): Dispatcher->dispatch(Object(CakeRequest), Object(CakeResponse))
#1 {main}
2012-03-17 12:32:14 Error: [MissingControllerException] Controller class JsController could not be found.
#0 /Users/bvanskyh/Development/rbadmin/app/webroot/index.php(96): Dispatcher->dispatch(Object(CakeRequest), Object(CakeResponse))
#1 {main}
2012-03-17 12:32:14 Error: [MissingControllerException] Controller class JsController could not be found.
#0 /Users/bvanskyh/Development/rbadmin/app/webroot/index.php(96): Dispatcher->dispatch(Object(CakeRequest), Object(CakeResponse))
#1 {main}
2012-03-17 12:32:14 Error: [MissingControllerException] Controller class ImgController could not be found.
#0 /Users/bvanskyh/Development/rbadmin/app/webroot/index.php(96): Dispatcher->dispatch(Object(CakeRequest), Object(CakeResponse))
#1 {main}
2012-03-17 12:32:14 Error: [MissingControllerException] Controller class JsController could not be found.
#0 /Users/bvanskyh/Development/rbadmin/app/webroot/index.php(96): Dispatcher->dispatch(Object(CakeRequest), Object(CakeResponse))
#1 {main}
2012-03-17 12:32:14 Error: [MissingControllerException] Controller class CssController could not be found.
#0 /Users/bvanskyh/Development/rbadmin/app/webroot/index.php(96): Dispatcher->dispatch(Object(CakeRequest), Object(CakeResponse))
#1 {main}
2012-03-17 12:32:16 Error: [MissingControllerException] Controller class JsController could not be found.
#0 /Users/bvanskyh/Development/rbadmin/app/webroot/index.php(96): Dispatcher->dispatch(Object(CakeRequest), Object(CakeResponse))
#1 {main}
2012-03-17 12:32:16 Error: [MissingControllerException] Controller class CssController could not be found.
#0 /Users/bvanskyh/Development/rbadmin/app/webroot/index.php(96): Dispatcher->dispatch(Object(CakeRequest), Object(CakeResponse))
#1 {main}
2012-03-17 12:32:16 Error: [MissingControllerException] Controller class ImgController could not be found.
#0 /Users/bvanskyh/Development/rbadmin/app/webroot/index.php(96): Dispatcher->dispatch(Object(CakeRequest), Object(CakeResponse))
#1 {main}
2012-03-17 12:32:16 Error: [MissingControllerException] Controller class JsController could not be found.
#0 /Users/bvanskyh/Development/rbadmin/app/webroot/index.php(96): Dispatcher->dispatch(Object(CakeRequest), Object(CakeResponse))
#1 {main}
2012-03-17 12:32:16 Error: [MissingControllerException] Controller class JsController could not be found.
#0 /Users/bvanskyh/Development/rbadmin/app/webroot/index.php(96): Dispatcher->dispatch(Object(CakeRequest), Object(CakeResponse))
#1 {main}
2012-03-17 12:32:16 Error: [MissingControllerException] Controller class JsController could not be found.
#0 /Users/bvanskyh/Development/rbadmin/app/webroot/index.php(96): Dispatcher->dispatch(Object(CakeRequest), Object(CakeResponse))
#1 {main}
2012-03-17 12:32:18 Error: [MissingControllerException] Controller class JsController could not be found.
#0 /Users/bvanskyh/Development/rbadmin/app/webroot/index.php(96): Dispatcher->dispatch(Object(CakeRequest), Object(CakeResponse))
#1 {main}
2012-03-17 12:32:18 Error: [MissingControllerException] Controller class JsController could not be found.
#0 /Users/bvanskyh/Development/rbadmin/app/webroot/index.php(96): Dispatcher->dispatch(Object(CakeRequest), Object(CakeResponse))
#1 {main}
2012-03-17 12:32:18 Error: [MissingControllerException] Controller class JsController could not be found.
#0 /Users/bvanskyh/Development/rbadmin/app/webroot/index.php(96): Dispatcher->dispatch(Object(CakeRequest), Object(CakeResponse))
#1 {main}
2012-03-17 12:32:18 Error: [MissingControllerException] Controller class JsController could not be found.
#0 /Users/bvanskyh/Development/rbadmin/app/webroot/index.php(96): Dispatcher->dispatch(Object(CakeRequest), Object(CakeResponse))
#1 {main}
2012-03-17 12:32:18 Error: [MissingControllerException] Controller class CssController could not be found.
#0 /Users/bvanskyh/Development/rbadmin/app/webroot/index.php(96): Dispatcher->dispatch(Object(CakeRequest), Object(CakeResponse))
#1 {main}
2012-03-17 12:32:18 Error: [MissingControllerException] Controller class ImgController could not be found.
#0 /Users/bvanskyh/Development/rbadmin/app/webroot/index.php(96): Dispatcher->dispatch(Object(CakeRequest), Object(CakeResponse))
#1 {main}
2012-03-17 12:32:19 Error: [MissingControllerException] Controller class JsController could not be found.
#0 /Users/bvanskyh/Development/rbadmin/app/webroot/index.php(96): Dispatcher->dispatch(Object(CakeRequest), Object(CakeResponse))
#1 {main}
2012-03-17 12:32:19 Error: [MissingControllerException] Controller class CssController could not be found.
#0 /Users/bvanskyh/Development/rbadmin/app/webroot/index.php(96): Dispatcher->dispatch(Object(CakeRequest), Object(CakeResponse))
#1 {main}
2012-03-17 12:32:19 Error: [MissingControllerException] Controller class JsController could not be found.
#0 /Users/bvanskyh/Development/rbadmin/app/webroot/index.php(96): Dispatcher->dispatch(Object(CakeRequest), Object(CakeResponse))
#1 {main}
2012-03-17 12:32:19 Error: [MissingControllerException] Controller class JsController could not be found.
#0 /Users/bvanskyh/Development/rbadmin/app/webroot/index.php(96): Dispatcher->dispatch(Object(CakeRequest), Object(CakeResponse))
#1 {main}
2012-03-17 12:32:19 Error: [MissingControllerException] Controller class JsController could not be found.
#0 /Users/bvanskyh/Development/rbadmin/app/webroot/index.php(96): Dispatcher->dispatch(Object(CakeRequest), Object(CakeResponse))
#1 {main}
2012-03-17 12:32:19 Error: [MissingControllerException] Controller class ImgController could not be found.
#0 /Users/bvanskyh/Development/rbadmin/app/webroot/index.php(96): Dispatcher->dispatch(Object(CakeRequest), Object(CakeResponse))
#1 {main}
2012-03-17 12:32:50 Error: [MissingControllerException] Controller class JsController could not be found.
#0 /Users/bvanskyh/Development/rbadmin/app/webroot/index.php(96): Dispatcher->dispatch(Object(CakeRequest), Object(CakeResponse))
#1 {main}
2012-03-17 12:32:50 Error: [MissingControllerException] Controller class JsController could not be found.
#0 /Users/bvanskyh/Development/rbadmin/app/webroot/index.php(96): Dispatcher->dispatch(Object(CakeRequest), Object(CakeResponse))
#1 {main}
2012-03-17 12:32:50 Error: [MissingControllerException] Controller class JsController could not be found.
#0 /Users/bvanskyh/Development/rbadmin/app/webroot/index.php(96): Dispatcher->dispatch(Object(CakeRequest), Object(CakeResponse))
#1 {main}
2012-03-17 12:32:50 Error: [MissingControllerException] Controller class JsController could not be found.
#0 /Users/bvanskyh/Development/rbadmin/app/webroot/index.php(96): Dispatcher->dispatch(Object(CakeRequest), Object(CakeResponse))
#1 {main}
2012-03-17 12:32:50 Error: [MissingControllerException] Controller class ImgController could not be found.
#0 /Users/bvanskyh/Development/rbadmin/app/webroot/index.php(96): Dispatcher->dispatch(Object(CakeRequest), Object(CakeResponse))
#1 {main}
2012-03-17 12:32:50 Error: [MissingControllerException] Controller class CssController could not be found.
#0 /Users/bvanskyh/Development/rbadmin/app/webroot/index.php(96): Dispatcher->dispatch(Object(CakeRequest), Object(CakeResponse))
#1 {main}
2012-03-17 12:33:08 Error: [PDOException] SQLSTATE[42000]: Syntax error or access violation: 1064 You have an error in your SQL syntax; check the manual that corresponds to your MySQL server version for the right syntax to use near 'contain' at line 1
#0 /Users/bvanskyh/Development/rbadmin/lib/Cake/Model/Datasource/DboSource.php(436): PDOStatement->execute(Array)
#1 /Users/bvanskyh/Development/rbadmin/lib/Cake/Model/Datasource/DboSource.php(403): DboSource->_execute('contain', Array)
#2 /Users/bvanskyh/Development/rbadmin/lib/Cake/Model/Datasource/DboSource.php(646): DboSource->execute('contain', Array, Array)
#3 /Users/bvanskyh/Development/rbadmin/lib/Cake/Model/Datasource/DboSource.php(588): DboSource->fetchAll('contain', Array, Array)
#4 /Users/bvanskyh/Development/rbadmin/lib/Cake/Model/Model.php(776): DboSource->query('contain', Array, Object(AppModel))
#5 /Users/bvanskyh/Development/rbadmin/app/Controller/GamesController.php(139): Model->__call('contain', Array)
#6 /Users/bvanskyh/Development/rbadmin/app/Controller/GamesController.php(139): AppModel->contain('TeamHome', 'TeamAway', 'Field', 'League', Array)
#7 [internal function]: GamesController->myschedule()
#8 /Users/bvanskyh/Development/rbadmin/lib/Cake/Controller/Controller.php(488): ReflectionMethod->invokeArgs(Object(GamesController), Array)
#9 /Users/bvanskyh/Development/rbadmin/lib/Cake/Routing/Dispatcher.php(103): Controller->invokeAction(Object(CakeRequest))
#10 /Users/bvanskyh/Development/rbadmin/lib/Cake/Routing/Dispatcher.php(85): Dispatcher->_invoke(Object(GamesController), Object(CakeRequest), Object(CakeResponse))
#11 /Users/bvanskyh/Development/rbadmin/app/webroot/index.php(96): Dispatcher->dispatch(Object(CakeRequest), Object(CakeResponse))
#12 {main}
2012-03-17 12:33:08 Error: [MissingControllerException] Controller class ImgController could not be found.
#0 /Users/bvanskyh/Development/rbadmin/app/webroot/index.php(96): Dispatcher->dispatch(Object(CakeRequest), Object(CakeResponse))
#1 {main}
2012-03-17 12:33:08 Error: [MissingControllerException] Controller class JsController could not be found.
#0 /Users/bvanskyh/Development/rbadmin/app/webroot/index.php(96): Dispatcher->dispatch(Object(CakeRequest), Object(CakeResponse))
#1 {main}
2012-03-17 12:33:12 Error: [MissingActionException] Action Umpires::change_password() could not be found.
#0 /Users/bvanskyh/Development/rbadmin/lib/Cake/Controller/Scaffold.php(151): Scaffold->_scaffold(Object(CakeRequest))
#1 /Users/bvanskyh/Development/rbadmin/lib/Cake/Controller/Controller.php(533): Scaffold->__construct(Object(UmpiresController), Object(CakeRequest))
#2 /Users/bvanskyh/Development/rbadmin/lib/Cake/Controller/Controller.php(492): Controller->_getScaffold(Object(CakeRequest))
#3 /Users/bvanskyh/Development/rbadmin/lib/Cake/Routing/Dispatcher.php(103): Controller->invokeAction(Object(CakeRequest))
#4 /Users/bvanskyh/Development/rbadmin/lib/Cake/Routing/Dispatcher.php(85): Dispatcher->_invoke(Object(UmpiresController), Object(CakeRequest), Object(CakeResponse))
#5 /Users/bvanskyh/Development/rbadmin/app/webroot/index.php(96): Dispatcher->dispatch(Object(CakeRequest), Object(CakeResponse))
#6 {main}
2012-03-17 12:33:13 Error: [MissingControllerException] Controller class JsController could not be found.
#0 /Users/bvanskyh/Development/rbadmin/app/webroot/index.php(96): Dispatcher->dispatch(Object(CakeRequest), Object(CakeResponse))
#1 {main}
2012-03-17 12:33:13 Error: [MissingControllerException] Controller class ImgController could not be found.
#0 /Users/bvanskyh/Development/rbadmin/app/webroot/index.php(96): Dispatcher->dispatch(Object(CakeRequest), Object(CakeResponse))
#1 {main}
2012-03-17 12:33:16 Error: [MissingControllerException] Controller class ImgController could not be found.
#0 /Users/bvanskyh/Development/rbadmin/app/webroot/index.php(96): Dispatcher->dispatch(Object(CakeRequest), Object(CakeResponse))
#1 {main}
2012-03-17 12:33:16 Error: [MissingControllerException] Controller class JsController could not be found.
#0 /Users/bvanskyh/Development/rbadmin/app/webroot/index.php(96): Dispatcher->dispatch(Object(CakeRequest), Object(CakeResponse))
#1 {main}
2012-03-17 12:33:49 Error: [PDOException] SQLSTATE[42000]: Syntax error or access violation: 1064 You have an error in your SQL syntax; check the manual that corresponds to your MySQL server version for the right syntax to use near 'contain' at line 1
#0 /Users/bvanskyh/Development/rbadmin/lib/Cake/Model/Datasource/DboSource.php(436): PDOStatement->execute(Array)
#1 /Users/bvanskyh/Development/rbadmin/lib/Cake/Model/Datasource/DboSource.php(403): DboSource->_execute('contain', Array)
#2 /Users/bvanskyh/Development/rbadmin/lib/Cake/Model/Datasource/DboSource.php(646): DboSource->execute('contain', Array, Array)
#3 /Users/bvanskyh/Development/rbadmin/lib/Cake/Model/Datasource/DboSource.php(588): DboSource->fetchAll('contain', Array, Array)
#4 /Users/bvanskyh/Development/rbadmin/lib/Cake/Model/Model.php(776): DboSource->query('contain', Array, Object(AppModel))
#5 /Users/bvanskyh/Development/rbadmin/app/Controller/GamesController.php(119): Model->__call('contain', Array)
#6 /Users/bvanskyh/Development/rbadmin/app/Controller/GamesController.php(119): AppModel->contain('TeamHome', 'TeamAway', 'Field', 'League', Array)
#7 [internal function]: GamesController->schedule()
#8 /Users/bvanskyh/Development/rbadmin/lib/Cake/Controller/Controller.php(488): ReflectionMethod->invokeArgs(Object(GamesController), Array)
#9 /Users/bvanskyh/Development/rbadmin/lib/Cake/Routing/Dispatcher.php(103): Controller->invokeAction(Object(CakeRequest))
#10 /Users/bvanskyh/Development/rbadmin/lib/Cake/Routing/Dispatcher.php(85): Dispatcher->_invoke(Object(GamesController), Object(CakeRequest), Object(CakeResponse))
#11 /Users/bvanskyh/Development/rbadmin/lib/Cake/Core/Object.php(95): Dispatcher->dispatch(Object(CakeRequest), Object(CakeResponse), Array)
#12 /Users/bvanskyh/Development/rbadmin/app/View/Elements/all_schedule.ctp(1): Object->requestAction('games/schedule')
#13 /Users/bvanskyh/Development/rbadmin/lib/Cake/View/View.php(908): include('/Users/bvanskyh...')
#14 /Users/bvanskyh/Development/rbadmin/lib/Cake/View/View.php(872): View->_evaluate('/Users/bvanskyh...', Array)
#15 /Users/bvanskyh/Development/rbadmin/lib/Cake/View/View.php(412): View->_render('/Users/bvanskyh...', Array)
#16 /Users/bvanskyh/Development/rbadmin/app/View/Umpires/login.ctp(11): View->element('all_schedule')
#17 /Users/bvanskyh/Development/rbadmin/lib/Cake/View/View.php(908): include('/Users/bvanskyh...')
#18 /Users/bvanskyh/Development/rbadmin/lib/Cake/View/View.php(872): View->_evaluate('/Users/bvanskyh...', Array)
#19 /Users/bvanskyh/Development/rbadmin/lib/Cake/View/View.php(463): View->_render('/Users/bvanskyh...')
#20 /Users/bvanskyh/Development/rbadmin/lib/Cake/Controller/Controller.php(962): View->render(NULL, NULL)
#21 /Users/bvanskyh/Development/rbadmin/lib/Cake/Routing/Dispatcher.php(110): Controller->render()
#22 /Users/bvanskyh/Development/rbadmin/lib/Cake/Routing/Dispatcher.php(85): Dispatcher->_invoke(Object(UmpiresController), Object(CakeRequest), Object(CakeResponse))
#23 /Users/bvanskyh/Development/rbadmin/app/webroot/index.php(96): Dispatcher->dispatch(Object(CakeRequest), Object(CakeResponse))
#24 {main}
2012-03-17 12:33:50 Error: [MissingControllerException] Controller class JsController could not be found.
#0 /Users/bvanskyh/Development/rbadmin/app/webroot/index.php(96): Dispatcher->dispatch(Object(CakeRequest), Object(CakeResponse))
#1 {main}
2012-03-17 12:33:50 Error: [MissingControllerException] Controller class ImgController could not be found.
#0 /Users/bvanskyh/Development/rbadmin/app/webroot/index.php(96): Dispatcher->dispatch(Object(CakeRequest), Object(CakeResponse))
#1 {main}
2012-03-17 12:34:28 Error: [MissingControllerException] Controller class JsController could not be found.
#0 /Users/bvanskyh/Development/rbadmin/app/webroot/index.php(96): Dispatcher->dispatch(Object(CakeRequest), Object(CakeResponse))
#1 {main}
2012-03-17 12:34:28 Error: [MissingControllerException] Controller class ImgController could not be found.
#0 /Users/bvanskyh/Development/rbadmin/app/webroot/index.php(96): Dispatcher->dispatch(Object(CakeRequest), Object(CakeResponse))
#1 {main}
2012-03-17 12:35:58 Error: [PDOException] SQLSTATE[42S22]: Column not found: 1054 Unknown column 'Schedule.game_id' in 'on clause'
#0 /Users/bvanskyh/Development/rbadmin/lib/Cake/Model/Datasource/DboSource.php(436): PDOStatement->execute(Array)
#1 /Users/bvanskyh/Development/rbadmin/lib/Cake/Model/Datasource/DboSource.php(403): DboSource->_execute('SELECT `Game`.`...', Array)
#2 /Users/bvanskyh/Development/rbadmin/lib/Cake/Model/Datasource/DboSource.php(646): DboSource->execute('SELECT `Game`.`...', Array, Array)
#3 /Users/bvanskyh/Development/rbadmin/lib/Cake/Model/Datasource/DboSource.php(1057): DboSource->fetchAll('SELECT `Game`.`...', false)
#4 /Users/bvanskyh/Development/rbadmin/lib/Cake/Model/Model.php(2635): DboSource->read(Object(Game), Array)
#5 /Users/bvanskyh/Development/rbadmin/app/Controller/GamesController.php(120): Model->find('all', Array)
#6 [internal function]: GamesController->schedule()
#7 /Users/bvanskyh/Development/rbadmin/lib/Cake/Controller/Controller.php(488): ReflectionMethod->invokeArgs(Object(GamesController), Array)
#8 /Users/bvanskyh/Development/rbadmin/lib/Cake/Routing/Dispatcher.php(103): Controller->invokeAction(Object(CakeRequest))
#9 /Users/bvanskyh/Development/rbadmin/lib/Cake/Routing/Dispatcher.php(85): Dispatcher->_invoke(Object(GamesController), Object(CakeRequest), Object(CakeResponse))
#10 /Users/bvanskyh/Development/rbadmin/lib/Cake/Core/Object.php(95): Dispatcher->dispatch(Object(CakeRequest), Object(CakeResponse), Array)
#11 /Users/bvanskyh/Development/rbadmin/app/View/Elements/all_schedule.ctp(1): Object->requestAction('games/schedule')
#12 /Users/bvanskyh/Development/rbadmin/lib/Cake/View/View.php(908): include('/Users/bvanskyh...')
#13 /Users/bvanskyh/Development/rbadmin/lib/Cake/View/View.php(872): View->_evaluate('/Users/bvanskyh...', Array)
#14 /Users/bvanskyh/Development/rbadmin/lib/Cake/View/View.php(412): View->_render('/Users/bvanskyh...', Array)
#15 /Users/bvanskyh/Development/rbadmin/app/View/Umpires/login.ctp(11): View->element('all_schedule')
#16 /Users/bvanskyh/Development/rbadmin/lib/Cake/View/View.php(908): include('/Users/bvanskyh...')
#17 /Users/bvanskyh/Development/rbadmin/lib/Cake/View/View.php(872): View->_evaluate('/Users/bvanskyh...', Array)
#18 /Users/bvanskyh/Development/rbadmin/lib/Cake/View/View.php(463): View->_render('/Users/bvanskyh...')
#19 /Users/bvanskyh/Development/rbadmin/lib/Cake/Controller/Controller.php(962): View->render(NULL, NULL)
#20 /Users/bvanskyh/Development/rbadmin/lib/Cake/Routing/Dispatcher.php(110): Controller->render()
#21 /Users/bvanskyh/Development/rbadmin/lib/Cake/Routing/Dispatcher.php(85): Dispatcher->_invoke(Object(UmpiresController), Object(CakeRequest), Object(CakeResponse))
#22 /Users/bvanskyh/Development/rbadmin/app/webroot/index.php(96): Dispatcher->dispatch(Object(CakeRequest), Object(CakeResponse))
#23 {main}
2012-03-17 12:35:58 Error: [MissingControllerException] Controller class JsController could not be found.
#0 /Users/bvanskyh/Development/rbadmin/app/webroot/index.php(96): Dispatcher->dispatch(Object(CakeRequest), Object(CakeResponse))
#1 {main}
2012-03-17 12:35:58 Error: [MissingControllerException] Controller class ImgController could not be found.
#0 /Users/bvanskyh/Development/rbadmin/app/webroot/index.php(96): Dispatcher->dispatch(Object(CakeRequest), Object(CakeResponse))
#1 {main}
2012-03-17 12:38:29 Error: [PDOException] SQLSTATE[42S22]: Column not found: 1054 Unknown column 'Schedule.game_id' in 'on clause'
#0 /Users/bvanskyh/Development/rbadmin/lib/Cake/Model/Datasource/DboSource.php(436): PDOStatement->execute(Array)
#1 /Users/bvanskyh/Development/rbadmin/lib/Cake/Model/Datasource/DboSource.php(403): DboSource->_execute('SELECT `Game`.`...', Array)
#2 /Users/bvanskyh/Development/rbadmin/lib/Cake/Model/Datasource/DboSource.php(646): DboSource->execute('SELECT `Game`.`...', Array, Array)
#3 /Users/bvanskyh/Development/rbadmin/lib/Cake/Model/Datasource/DboSource.php(1057): DboSource->fetchAll('SELECT `Game`.`...', false)
#4 /Users/bvanskyh/Development/rbadmin/lib/Cake/Model/Model.php(2635): DboSource->read(Object(Game), Array)
#5 /Users/bvanskyh/Development/rbadmin/app/Controller/GamesController.php(120): Model->find('all', Array)
#6 [internal function]: GamesController->schedule()
#7 /Users/bvanskyh/Development/rbadmin/lib/Cake/Controller/Controller.php(488): ReflectionMethod->invokeArgs(Object(GamesController), Array)
#8 /Users/bvanskyh/Development/rbadmin/lib/Cake/Routing/Dispatcher.php(103): Controller->invokeAction(Object(CakeRequest))
#9 /Users/bvanskyh/Development/rbadmin/lib/Cake/Routing/Dispatcher.php(85): Dispatcher->_invoke(Object(GamesController), Object(CakeRequest), Object(CakeResponse))
#10 /Users/bvanskyh/Development/rbadmin/lib/Cake/Core/Object.php(95): Dispatcher->dispatch(Object(CakeRequest), Object(CakeResponse), Array)
#11 /Users/bvanskyh/Development/rbadmin/app/View/Elements/all_schedule.ctp(1): Object->requestAction('games/schedule')
#12 /Users/bvanskyh/Development/rbadmin/lib/Cake/View/View.php(908): include('/Users/bvanskyh...')
#13 /Users/bvanskyh/Development/rbadmin/lib/Cake/View/View.php(872): View->_evaluate('/Users/bvanskyh...', Array)
#14 /Users/bvanskyh/Development/rbadmin/lib/Cake/View/View.php(412): View->_render('/Users/bvanskyh...', Array)
#15 /Users/bvanskyh/Development/rbadmin/app/View/Umpires/login.ctp(11): View->element('all_schedule')
#16 /Users/bvanskyh/Development/rbadmin/lib/Cake/View/View.php(908): include('/Users/bvanskyh...')
#17 /Users/bvanskyh/Development/rbadmin/lib/Cake/View/View.php(872): View->_evaluate('/Users/bvanskyh...', Array)
#18 /Users/bvanskyh/Development/rbadmin/lib/Cake/View/View.php(463): View->_render('/Users/bvanskyh...')
#19 /Users/bvanskyh/Development/rbadmin/lib/Cake/Controller/Controller.php(962): View->render(NULL, NULL)
#20 /Users/bvanskyh/Development/rbadmin/lib/Cake/Routing/Dispatcher.php(110): Controller->render()
#21 /Users/bvanskyh/Development/rbadmin/lib/Cake/Routing/Dispatcher.php(85): Dispatcher->_invoke(Object(UmpiresController), Object(CakeRequest), Object(CakeResponse))
#22 /Users/bvanskyh/Development/rbadmin/app/webroot/index.php(96): Dispatcher->dispatch(Object(CakeRequest), Object(CakeResponse))
#23 {main}
2012-03-17 12:38:29 Error: [MissingControllerException] Controller class ImgController could not be found.
#0 /Users/bvanskyh/Development/rbadmin/app/webroot/index.php(96): Dispatcher->dispatch(Object(CakeRequest), Object(CakeResponse))
#1 {main}
2012-03-17 12:38:29 Error: [MissingControllerException] Controller class JsController could not be found.
#0 /Users/bvanskyh/Development/rbadmin/app/webroot/index.php(96): Dispatcher->dispatch(Object(CakeRequest), Object(CakeResponse))
#1 {main}
2012-03-17 13:00:24 Error: [PDOException] SQLSTATE[42S22]: Column not found: 1054 Unknown column 'Schedule.game_id' in 'on clause'
#0 /Users/bvanskyh/Development/rbadmin/lib/Cake/Model/Datasource/DboSource.php(436): PDOStatement->execute(Array)
#1 /Users/bvanskyh/Development/rbadmin/lib/Cake/Model/Datasource/DboSource.php(403): DboSource->_execute('SELECT `Game`.`...', Array)
#2 /Users/bvanskyh/Development/rbadmin/lib/Cake/Model/Datasource/DboSource.php(646): DboSource->execute('SELECT `Game`.`...', Array, Array)
#3 /Users/bvanskyh/Development/rbadmin/lib/Cake/Model/Datasource/DboSource.php(1057): DboSource->fetchAll('SELECT `Game`.`...', false)
#4 /Users/bvanskyh/Development/rbadmin/lib/Cake/Model/Model.php(2635): DboSource->read(Object(Game), Array)
#5 /Users/bvanskyh/Development/rbadmin/app/Controller/GamesController.php(120): Model->find('all', Array)
#6 [internal function]: GamesController->schedule()
#7 /Users/bvanskyh/Development/rbadmin/lib/Cake/Controller/Controller.php(488): ReflectionMethod->invokeArgs(Object(GamesController), Array)
#8 /Users/bvanskyh/Development/rbadmin/lib/Cake/Routing/Dispatcher.php(103): Controller->invokeAction(Object(CakeRequest))
#9 /Users/bvanskyh/Development/rbadmin/lib/Cake/Routing/Dispatcher.php(85): Dispatcher->_invoke(Object(GamesController), Object(CakeRequest), Object(CakeResponse))
#10 /Users/bvanskyh/Development/rbadmin/lib/Cake/Core/Object.php(95): Dispatcher->dispatch(Object(CakeRequest), Object(CakeResponse), Array)
#11 /Users/bvanskyh/Development/rbadmin/app/View/Elements/all_schedule.ctp(1): Object->requestAction('games/schedule')
#12 /Users/bvanskyh/Development/rbadmin/lib/Cake/View/View.php(908): include('/Users/bvanskyh...')
#13 /Users/bvanskyh/Development/rbadmin/lib/Cake/View/View.php(872): View->_evaluate('/Users/bvanskyh...', Array)
#14 /Users/bvanskyh/Development/rbadmin/lib/Cake/View/View.php(412): View->_render('/Users/bvanskyh...', Array)
#15 /Users/bvanskyh/Development/rbadmin/app/View/Umpires/login.ctp(11): View->element('all_schedule')
#16 /Users/bvanskyh/Development/rbadmin/lib/Cake/View/View.php(908): include('/Users/bvanskyh...')
#17 /Users/bvanskyh/Development/rbadmin/lib/Cake/View/View.php(872): View->_evaluate('/Users/bvanskyh...', Array)
#18 /Users/bvanskyh/Development/rbadmin/lib/Cake/View/View.php(463): View->_render('/Users/bvanskyh...')
#19 /Users/bvanskyh/Development/rbadmin/lib/Cake/Controller/Controller.php(962): View->render(NULL, NULL)
#20 /Users/bvanskyh/Development/rbadmin/lib/Cake/Routing/Dispatcher.php(110): Controller->render()
#21 /Users/bvanskyh/Development/rbadmin/lib/Cake/Routing/Dispatcher.php(85): Dispatcher->_invoke(Object(UmpiresController), Object(CakeRequest), Object(CakeResponse))
#22 /Users/bvanskyh/Development/rbadmin/app/webroot/index.php(96): Dispatcher->dispatch(Object(CakeRequest), Object(CakeResponse))
#23 {main}
2012-03-17 13:00:24 Error: [MissingControllerException] Controller class JsController could not be found.
#0 /Users/bvanskyh/Development/rbadmin/app/webroot/index.php(96): Dispatcher->dispatch(Object(CakeRequest), Object(CakeResponse))
#1 {main}
2012-03-17 13:00:24 Error: [MissingControllerException] Controller class ImgController could not be found.
#0 /Users/bvanskyh/Development/rbadmin/app/webroot/index.php(96): Dispatcher->dispatch(Object(CakeRequest), Object(CakeResponse))
#1 {main}
2012-03-17 13:02:40 Error: [PDOException] SQLSTATE[42S22]: Column not found: 1054 Unknown column 'Schedule.game_id' in 'on clause'
#0 /Users/bvanskyh/Development/rbadmin/lib/Cake/Model/Datasource/DboSource.php(436): PDOStatement->execute(Array)
#1 /Users/bvanskyh/Development/rbadmin/lib/Cake/Model/Datasource/DboSource.php(403): DboSource->_execute('SELECT `Game`.`...', Array)
#2 /Users/bvanskyh/Development/rbadmin/lib/Cake/Model/Datasource/DboSource.php(646): DboSource->execute('SELECT `Game`.`...', Array, Array)
#3 /Users/bvanskyh/Development/rbadmin/lib/Cake/Model/Datasource/DboSource.php(1057): DboSource->fetchAll('SELECT `Game`.`...', false)
#4 /Users/bvanskyh/Development/rbadmin/lib/Cake/Model/Model.php(2635): DboSource->read(Object(Game), Array)
#5 /Users/bvanskyh/Development/rbadmin/app/Controller/GamesController.php(120): Model->find('all', Array)
#6 [internal function]: GamesController->schedule()
#7 /Users/bvanskyh/Development/rbadmin/lib/Cake/Controller/Controller.php(488): ReflectionMethod->invokeArgs(Object(GamesController), Array)
#8 /Users/bvanskyh/Development/rbadmin/lib/Cake/Routing/Dispatcher.php(103): Controller->invokeAction(Object(CakeRequest))
#9 /Users/bvanskyh/Development/rbadmin/lib/Cake/Routing/Dispatcher.php(85): Dispatcher->_invoke(Object(GamesController), Object(CakeRequest), Object(CakeResponse))
#10 /Users/bvanskyh/Development/rbadmin/lib/Cake/Core/Object.php(95): Dispatcher->dispatch(Object(CakeRequest), Object(CakeResponse), Array)
#11 /Users/bvanskyh/Development/rbadmin/app/View/Elements/all_schedule.ctp(1): Object->requestAction('games/schedule')
#12 /Users/bvanskyh/Development/rbadmin/lib/Cake/View/View.php(908): include('/Users/bvanskyh...')
#13 /Users/bvanskyh/Development/rbadmin/lib/Cake/View/View.php(872): View->_evaluate('/Users/bvanskyh...', Array)
#14 /Users/bvanskyh/Development/rbadmin/lib/Cake/View/View.php(412): View->_render('/Users/bvanskyh...', Array)
#15 /Users/bvanskyh/Development/rbadmin/app/View/Umpires/login.ctp(11): View->element('all_schedule')
#16 /Users/bvanskyh/Development/rbadmin/lib/Cake/View/View.php(908): include('/Users/bvanskyh...')
#17 /Users/bvanskyh/Development/rbadmin/lib/Cake/View/View.php(872): View->_evaluate('/Users/bvanskyh...', Array)
#18 /Users/bvanskyh/Development/rbadmin/lib/Cake/View/View.php(463): View->_render('/Users/bvanskyh...')
#19 /Users/bvanskyh/Development/rbadmin/lib/Cake/Controller/Controller.php(962): View->render(NULL, NULL)
#20 /Users/bvanskyh/Development/rbadmin/lib/Cake/Routing/Dispatcher.php(110): Controller->render()
#21 /Users/bvanskyh/Development/rbadmin/lib/Cake/Routing/Dispatcher.php(85): Dispatcher->_invoke(Object(UmpiresController), Object(CakeRequest), Object(CakeResponse))
#22 /Users/bvanskyh/Development/rbadmin/app/webroot/index.php(96): Dispatcher->dispatch(Object(CakeRequest), Object(CakeResponse))
#23 {main}
2012-03-17 13:02:40 Error: [MissingControllerException] Controller class ImgController could not be found.
#0 /Users/bvanskyh/Development/rbadmin/app/webroot/index.php(96): Dispatcher->dispatch(Object(CakeRequest), Object(CakeResponse))
#1 {main}
2012-03-17 13:02:40 Error: [MissingControllerException] Controller class JsController could not be found.
#0 /Users/bvanskyh/Development/rbadmin/app/webroot/index.php(96): Dispatcher->dispatch(Object(CakeRequest), Object(CakeResponse))
#1 {main}
2012-03-17 13:04:08 Error: [PDOException] SQLSTATE[42S22]: Column not found: 1054 Unknown column 'Schedule.game_id' in 'on clause'
#0 /Users/bvanskyh/Development/rbadmin/lib/Cake/Model/Datasource/DboSource.php(436): PDOStatement->execute(Array)
#1 /Users/bvanskyh/Development/rbadmin/lib/Cake/Model/Datasource/DboSource.php(403): DboSource->_execute('SELECT `Game`.`...', Array)
#2 /Users/bvanskyh/Development/rbadmin/lib/Cake/Model/Datasource/DboSource.php(646): DboSource->execute('SELECT `Game`.`...', Array, Array)
#3 /Users/bvanskyh/Development/rbadmin/lib/Cake/Model/Datasource/DboSource.php(1057): DboSource->fetchAll('SELECT `Game`.`...', false)
#4 /Users/bvanskyh/Development/rbadmin/lib/Cake/Model/Model.php(2635): DboSource->read(Object(Game), Array)
#5 /Users/bvanskyh/Development/rbadmin/app/Controller/GamesController.php(120): Model->find('all', Array)
#6 [internal function]: GamesController->schedule()
#7 /Users/bvanskyh/Development/rbadmin/lib/Cake/Controller/Controller.php(488): ReflectionMethod->invokeArgs(Object(GamesController), Array)
#8 /Users/bvanskyh/Development/rbadmin/lib/Cake/Routing/Dispatcher.php(103): Controller->invokeAction(Object(CakeRequest))
#9 /Users/bvanskyh/Development/rbadmin/lib/Cake/Routing/Dispatcher.php(85): Dispatcher->_invoke(Object(GamesController), Object(CakeRequest), Object(CakeResponse))
#10 /Users/bvanskyh/Development/rbadmin/lib/Cake/Core/Object.php(95): Dispatcher->dispatch(Object(CakeRequest), Object(CakeResponse), Array)
#11 /Users/bvanskyh/Development/rbadmin/app/View/Elements/all_schedule.ctp(1): Object->requestAction('games/schedule')
#12 /Users/bvanskyh/Development/rbadmin/lib/Cake/View/View.php(908): include('/Users/bvanskyh...')
#13 /Users/bvanskyh/Development/rbadmin/lib/Cake/View/View.php(872): View->_evaluate('/Users/bvanskyh...', Array)
#14 /Users/bvanskyh/Development/rbadmin/lib/Cake/View/View.php(412): View->_render('/Users/bvanskyh...', Array)
#15 /Users/bvanskyh/Development/rbadmin/app/View/Umpires/login.ctp(11): View->element('all_schedule')
#16 /Users/bvanskyh/Development/rbadmin/lib/Cake/View/View.php(908): include('/Users/bvanskyh...')
#17 /Users/bvanskyh/Development/rbadmin/lib/Cake/View/View.php(872): View->_evaluate('/Users/bvanskyh...', Array)
#18 /Users/bvanskyh/Development/rbadmin/lib/Cake/View/View.php(463): View->_render('/Users/bvanskyh...')
#19 /Users/bvanskyh/Development/rbadmin/lib/Cake/Controller/Controller.php(962): View->render(NULL, NULL)
#20 /Users/bvanskyh/Development/rbadmin/lib/Cake/Routing/Dispatcher.php(110): Controller->render()
#21 /Users/bvanskyh/Development/rbadmin/lib/Cake/Routing/Dispatcher.php(85): Dispatcher->_invoke(Object(UmpiresController), Object(CakeRequest), Object(CakeResponse))
#22 /Users/bvanskyh/Development/rbadmin/app/webroot/index.php(96): Dispatcher->dispatch(Object(CakeRequest), Object(CakeResponse))
#23 {main}
2012-03-17 13:04:08 Error: [MissingControllerException] Controller class ImgController could not be found.
#0 /Users/bvanskyh/Development/rbadmin/app/webroot/index.php(96): Dispatcher->dispatch(Object(CakeRequest), Object(CakeResponse))
#1 {main}
2012-03-17 13:04:08 Error: [MissingControllerException] Controller class JsController could not be found.
#0 /Users/bvanskyh/Development/rbadmin/app/webroot/index.php(96): Dispatcher->dispatch(Object(CakeRequest), Object(CakeResponse))
#1 {main}
2012-03-17 13:04:36 Error: [MissingControllerException] Controller class JsController could not be found.
#0 /Users/bvanskyh/Development/rbadmin/app/webroot/index.php(96): Dispatcher->dispatch(Object(CakeRequest), Object(CakeResponse))
#1 {main}
2012-03-17 13:04:36 Error: [MissingControllerException] Controller class CssController could not be found.
#0 /Users/bvanskyh/Development/rbadmin/app/webroot/index.php(96): Dispatcher->dispatch(Object(CakeRequest), Object(CakeResponse))
#1 {main}
2012-03-17 13:04:37 Error: [MissingControllerException] Controller class ImgController could not be found.
#0 /Users/bvanskyh/Development/rbadmin/app/webroot/index.php(96): Dispatcher->dispatch(Object(CakeRequest), Object(CakeResponse))
#1 {main}
2012-03-17 13:05:26 Error: [MissingControllerException] Controller class CssController could not be found.
#0 /Users/bvanskyh/Development/rbadmin/app/webroot/index.php(96): Dispatcher->dispatch(Object(CakeRequest), Object(CakeResponse))
#1 {main}
2012-03-17 13:05:26 Error: [MissingControllerException] Controller class JsController could not be found.
#0 /Users/bvanskyh/Development/rbadmin/app/webroot/index.php(96): Dispatcher->dispatch(Object(CakeRequest), Object(CakeResponse))
#1 {main}
2012-03-17 13:05:26 Error: [MissingControllerException] Controller class ImgController could not be found.
#0 /Users/bvanskyh/Development/rbadmin/app/webroot/index.php(96): Dispatcher->dispatch(Object(CakeRequest), Object(CakeResponse))
#1 {main}
2012-03-17 13:06:18 Error: [MissingControllerException] Controller class CssController could not be found.
#0 /Users/bvanskyh/Development/rbadmin/app/webroot/index.php(96): Dispatcher->dispatch(Object(CakeRequest), Object(CakeResponse))
#1 {main}
2012-03-17 13:06:18 Error: [MissingControllerException] Controller class JsController could not be found.
#0 /Users/bvanskyh/Development/rbadmin/app/webroot/index.php(96): Dispatcher->dispatch(Object(CakeRequest), Object(CakeResponse))
#1 {main}
2012-03-17 13:06:18 Error: [MissingControllerException] Controller class ImgController could not be found.
#0 /Users/bvanskyh/Development/rbadmin/app/webroot/index.php(96): Dispatcher->dispatch(Object(CakeRequest), Object(CakeResponse))
#1 {main}
2012-03-17 13:07:20 Error: [MissingControllerException] Controller class CssController could not be found.
#0 /Users/bvanskyh/Development/rbadmin/app/webroot/index.php(96): Dispatcher->dispatch(Object(CakeRequest), Object(CakeResponse))
#1 {main}
2012-03-17 13:07:20 Error: [MissingControllerException] Controller class JsController could not be found.
#0 /Users/bvanskyh/Development/rbadmin/app/webroot/index.php(96): Dispatcher->dispatch(Object(CakeRequest), Object(CakeResponse))
#1 {main}
2012-03-17 13:07:20 Error: [MissingControllerException] Controller class ImgController could not be found.
#0 /Users/bvanskyh/Development/rbadmin/app/webroot/index.php(96): Dispatcher->dispatch(Object(CakeRequest), Object(CakeResponse))
#1 {main}
2012-03-17 13:09:50 Error: [PDOException] SQLSTATE[42S22]: Column not found: 1054 Unknown column 'Schedule.game_id' in 'on clause'
#0 /Users/bvanskyh/Development/rbadmin/lib/Cake/Model/Datasource/DboSource.php(436): PDOStatement->execute(Array)
#1 /Users/bvanskyh/Development/rbadmin/lib/Cake/Model/Datasource/DboSource.php(403): DboSource->_execute('SELECT `Game`.`...', Array)
#2 /Users/bvanskyh/Development/rbadmin/lib/Cake/Model/Datasource/DboSource.php(646): DboSource->execute('SELECT `Game`.`...', Array, Array)
#3 /Users/bvanskyh/Development/rbadmin/lib/Cake/Model/Datasource/DboSource.php(1057): DboSource->fetchAll('SELECT `Game`.`...', false)
#4 /Users/bvanskyh/Development/rbadmin/lib/Cake/Model/Model.php(2635): DboSource->read(Object(Game), Array)
#5 /Users/bvanskyh/Development/rbadmin/app/Controller/GamesController.php(120): Model->find('all', Array)
#6 [internal function]: GamesController->schedule()
#7 /Users/bvanskyh/Development/rbadmin/lib/Cake/Controller/Controller.php(488): ReflectionMethod->invokeArgs(Object(GamesController), Array)
#8 /Users/bvanskyh/Development/rbadmin/lib/Cake/Routing/Dispatcher.php(103): Controller->invokeAction(Object(CakeRequest))
#9 /Users/bvanskyh/Development/rbadmin/lib/Cake/Routing/Dispatcher.php(85): Dispatcher->_invoke(Object(GamesController), Object(CakeRequest), Object(CakeResponse))
#10 /Users/bvanskyh/Development/rbadmin/lib/Cake/Core/Object.php(95): Dispatcher->dispatch(Object(CakeRequest), Object(CakeResponse), Array)
#11 /Users/bvanskyh/Development/rbadmin/app/View/Elements/all_schedule.ctp(1): Object->requestAction('games/schedule')
#12 /Users/bvanskyh/Development/rbadmin/lib/Cake/View/View.php(908): include('/Users/bvanskyh...')
#13 /Users/bvanskyh/Development/rbadmin/lib/Cake/View/View.php(872): View->_evaluate('/Users/bvanskyh...', Array)
#14 /Users/bvanskyh/Development/rbadmin/lib/Cake/View/View.php(412): View->_render('/Users/bvanskyh...', Array)
#15 /Users/bvanskyh/Development/rbadmin/app/View/Umpires/login.ctp(11): View->element('all_schedule')
#16 /Users/bvanskyh/Development/rbadmin/lib/Cake/View/View.php(908): include('/Users/bvanskyh...')
#17 /Users/bvanskyh/Development/rbadmin/lib/Cake/View/View.php(872): View->_evaluate('/Users/bvanskyh...', Array)
#18 /Users/bvanskyh/Development/rbadmin/lib/Cake/View/View.php(463): View->_render('/Users/bvanskyh...')
#19 /Users/bvanskyh/Development/rbadmin/lib/Cake/Controller/Controller.php(962): View->render(NULL, NULL)
#20 /Users/bvanskyh/Development/rbadmin/lib/Cake/Routing/Dispatcher.php(110): Controller->render()
#21 /Users/bvanskyh/Development/rbadmin/lib/Cake/Routing/Dispatcher.php(85): Dispatcher->_invoke(Object(UmpiresController), Object(CakeRequest), Object(CakeResponse))
#22 /Users/bvanskyh/Development/rbadmin/app/webroot/index.php(96): Dispatcher->dispatch(Object(CakeRequest), Object(CakeResponse))
#23 {main}
2012-03-17 13:09:50 Error: [MissingControllerException] Controller class JsController could not be found.
#0 /Users/bvanskyh/Development/rbadmin/app/webroot/index.php(96): Dispatcher->dispatch(Object(CakeRequest), Object(CakeResponse))
#1 {main}
2012-03-17 13:09:51 Error: [MissingControllerException] Controller class ImgController could not be found.
#0 /Users/bvanskyh/Development/rbadmin/app/webroot/index.php(96): Dispatcher->dispatch(Object(CakeRequest), Object(CakeResponse))
#1 {main}
2012-03-17 13:10:34 Error: [PDOException] SQLSTATE[42S22]: Column not found: 1054 Unknown column 'Schedule.Array' in 'on clause'
#0 /Users/bvanskyh/Development/rbadmin/lib/Cake/Model/Datasource/DboSource.php(436): PDOStatement->execute(Array)
#1 /Users/bvanskyh/Development/rbadmin/lib/Cake/Model/Datasource/DboSource.php(403): DboSource->_execute('SELECT `Game`.`...', Array)
#2 /Users/bvanskyh/Development/rbadmin/lib/Cake/Model/Datasource/DboSource.php(646): DboSource->execute('SELECT `Game`.`...', Array, Array)
#3 /Users/bvanskyh/Development/rbadmin/lib/Cake/Model/Datasource/DboSource.php(1057): DboSource->fetchAll('SELECT `Game`.`...', false)
#4 /Users/bvanskyh/Development/rbadmin/lib/Cake/Model/Model.php(2635): DboSource->read(Object(Game), Array)
#5 /Users/bvanskyh/Development/rbadmin/app/Controller/GamesController.php(120): Model->find('all', Array)
#6 [internal function]: GamesController->schedule()
#7 /Users/bvanskyh/Development/rbadmin/lib/Cake/Controller/Controller.php(488): ReflectionMethod->invokeArgs(Object(GamesController), Array)
#8 /Users/bvanskyh/Development/rbadmin/lib/Cake/Routing/Dispatcher.php(103): Controller->invokeAction(Object(CakeRequest))
#9 /Users/bvanskyh/Development/rbadmin/lib/Cake/Routing/Dispatcher.php(85): Dispatcher->_invoke(Object(GamesController), Object(CakeRequest), Object(CakeResponse))
#10 /Users/bvanskyh/Development/rbadmin/lib/Cake/Core/Object.php(95): Dispatcher->dispatch(Object(CakeRequest), Object(CakeResponse), Array)
#11 /Users/bvanskyh/Development/rbadmin/app/View/Elements/all_schedule.ctp(1): Object->requestAction('games/schedule')
#12 /Users/bvanskyh/Development/rbadmin/lib/Cake/View/View.php(908): include('/Users/bvanskyh...')
#13 /Users/bvanskyh/Development/rbadmin/lib/Cake/View/View.php(872): View->_evaluate('/Users/bvanskyh...', Array)
#14 /Users/bvanskyh/Development/rbadmin/lib/Cake/View/View.php(412): View->_render('/Users/bvanskyh...', Array)
#15 /Users/bvanskyh/Development/rbadmin/app/View/Umpires/login.ctp(11): View->element('all_schedule')
#16 /Users/bvanskyh/Development/rbadmin/lib/Cake/View/View.php(908): include('/Users/bvanskyh...')
#17 /Users/bvanskyh/Development/rbadmin/lib/Cake/View/View.php(872): View->_evaluate('/Users/bvanskyh...', Array)
#18 /Users/bvanskyh/Development/rbadmin/lib/Cake/View/View.php(463): View->_render('/Users/bvanskyh...')
#19 /Users/bvanskyh/Development/rbadmin/lib/Cake/Controller/Controller.php(962): View->render(NULL, NULL)
#20 /Users/bvanskyh/Development/rbadmin/lib/Cake/Routing/Dispatcher.php(110): Controller->render()
#21 /Users/bvanskyh/Development/rbadmin/lib/Cake/Routing/Dispatcher.php(85): Dispatcher->_invoke(Object(UmpiresController), Object(CakeRequest), Object(CakeResponse))
#22 /Users/bvanskyh/Development/rbadmin/app/webroot/index.php(96): Dispatcher->dispatch(Object(CakeRequest), Object(CakeResponse))
#23 {main}
2012-03-17 13:10:35 Error: [MissingControllerException] Controller class JsController could not be found.
#0 /Users/bvanskyh/Development/rbadmin/app/webroot/index.php(96): Dispatcher->dispatch(Object(CakeRequest), Object(CakeResponse))
#1 {main}
2012-03-17 13:10:35 Error: [MissingControllerException] Controller class ImgController could not be found.
#0 /Users/bvanskyh/Development/rbadmin/app/webroot/index.php(96): Dispatcher->dispatch(Object(CakeRequest), Object(CakeResponse))
#1 {main}
2012-03-17 13:10:45 Error: [MissingControllerException] Controller class ImgController could not be found.
#0 /Users/bvanskyh/Development/rbadmin/app/webroot/index.php(96): Dispatcher->dispatch(Object(CakeRequest), Object(CakeResponse))
#1 {main}
2012-03-17 13:10:45 Error: [MissingControllerException] Controller class CssController could not be found.
#0 /Users/bvanskyh/Development/rbadmin/app/webroot/index.php(96): Dispatcher->dispatch(Object(CakeRequest), Object(CakeResponse))
#1 {main}
2012-03-17 13:10:45 Error: [MissingControllerException] Controller class JsController could not be found.
#0 /Users/bvanskyh/Development/rbadmin/app/webroot/index.php(96): Dispatcher->dispatch(Object(CakeRequest), Object(CakeResponse))
#1 {main}
2012-03-17 13:11:35 Error: [PDOException] SQLSTATE[42S22]: Column not found: 1054 Unknown column 'Schedule.league_id' in 'on clause'
#0 /Users/bvanskyh/Development/rbadmin/lib/Cake/Model/Datasource/DboSource.php(436): PDOStatement->execute(Array)
#1 /Users/bvanskyh/Development/rbadmin/lib/Cake/Model/Datasource/DboSource.php(403): DboSource->_execute('SELECT `Game`.`...', Array)
#2 /Users/bvanskyh/Development/rbadmin/lib/Cake/Model/Datasource/DboSource.php(646): DboSource->execute('SELECT `Game`.`...', Array, Array)
#3 /Users/bvanskyh/Development/rbadmin/lib/Cake/Model/Datasource/DboSource.php(1057): DboSource->fetchAll('SELECT `Game`.`...', false)
#4 /Users/bvanskyh/Development/rbadmin/lib/Cake/Model/Model.php(2635): DboSource->read(Object(Game), Array)
#5 /Users/bvanskyh/Development/rbadmin/app/Controller/GamesController.php(120): Model->find('all', Array)
#6 [internal function]: GamesController->schedule()
#7 /Users/bvanskyh/Development/rbadmin/lib/Cake/Controller/Controller.php(488): ReflectionMethod->invokeArgs(Object(GamesController), Array)
#8 /Users/bvanskyh/Development/rbadmin/lib/Cake/Routing/Dispatcher.php(103): Controller->invokeAction(Object(CakeRequest))
#9 /Users/bvanskyh/Development/rbadmin/lib/Cake/Routing/Dispatcher.php(85): Dispatcher->_invoke(Object(GamesController), Object(CakeRequest), Object(CakeResponse))
#10 /Users/bvanskyh/Development/rbadmin/lib/Cake/Core/Object.php(95): Dispatcher->dispatch(Object(CakeRequest), Object(CakeResponse), Array)
#11 /Users/bvanskyh/Development/rbadmin/app/View/Elements/all_schedule.ctp(1): Object->requestAction('games/schedule')
#12 /Users/bvanskyh/Development/rbadmin/lib/Cake/View/View.php(908): include('/Users/bvanskyh...')
#13 /Users/bvanskyh/Development/rbadmin/lib/Cake/View/View.php(872): View->_evaluate('/Users/bvanskyh...', Array)
#14 /Users/bvanskyh/Development/rbadmin/lib/Cake/View/View.php(412): View->_render('/Users/bvanskyh...', Array)
#15 /Users/bvanskyh/Development/rbadmin/app/View/Umpires/login.ctp(11): View->element('all_schedule')
#16 /Users/bvanskyh/Development/rbadmin/lib/Cake/View/View.php(908): include('/Users/bvanskyh...')
#17 /Users/bvanskyh/Development/rbadmin/lib/Cake/View/View.php(872): View->_evaluate('/Users/bvanskyh...', Array)
#18 /Users/bvanskyh/Development/rbadmin/lib/Cake/View/View.php(463): View->_render('/Users/bvanskyh...')
#19 /Users/bvanskyh/Development/rbadmin/lib/Cake/Controller/Controller.php(962): View->render(NULL, NULL)
#20 /Users/bvanskyh/Development/rbadmin/lib/Cake/Routing/Dispatcher.php(110): Controller->render()
#21 /Users/bvanskyh/Development/rbadmin/lib/Cake/Routing/Dispatcher.php(85): Dispatcher->_invoke(Object(UmpiresController), Object(CakeRequest), Object(CakeResponse))
#22 /Users/bvanskyh/Development/rbadmin/app/webroot/index.php(96): Dispatcher->dispatch(Object(CakeRequest), Object(CakeResponse))
#23 {main}
2012-03-17 13:11:36 Error: [MissingControllerException] Controller class JsController could not be found.
#0 /Users/bvanskyh/Development/rbadmin/app/webroot/index.php(96): Dispatcher->dispatch(Object(CakeRequest), Object(CakeResponse))
#1 {main}
2012-03-17 13:11:36 Error: [MissingControllerException] Controller class ImgController could not be found.
#0 /Users/bvanskyh/Development/rbadmin/app/webroot/index.php(96): Dispatcher->dispatch(Object(CakeRequest), Object(CakeResponse))
#1 {main}
2012-03-17 13:12:31 Error: [MissingControllerException] Controller class JsController could not be found.
#0 /Users/bvanskyh/Development/rbadmin/app/webroot/index.php(96): Dispatcher->dispatch(Object(CakeRequest), Object(CakeResponse))
#1 {main}
2012-03-17 13:12:31 Error: [MissingControllerException] Controller class CssController could not be found.
#0 /Users/bvanskyh/Development/rbadmin/app/webroot/index.php(96): Dispatcher->dispatch(Object(CakeRequest), Object(CakeResponse))
#1 {main}
2012-03-17 13:12:31 Error: [MissingControllerException] Controller class ImgController could not be found.
#0 /Users/bvanskyh/Development/rbadmin/app/webroot/index.php(96): Dispatcher->dispatch(Object(CakeRequest), Object(CakeResponse))
#1 {main}
2012-03-17 13:13:52 Error: [MissingControllerException] Controller class JsController could not be found.
#0 /Users/bvanskyh/Development/rbadmin/app/webroot/index.php(96): Dispatcher->dispatch(Object(CakeRequest), Object(CakeResponse))
#1 {main}
2012-03-17 13:13:52 Error: [MissingControllerException] Controller class CssController could not be found.
#0 /Users/bvanskyh/Development/rbadmin/app/webroot/index.php(96): Dispatcher->dispatch(Object(CakeRequest), Object(CakeResponse))
#1 {main}
2012-03-17 13:13:52 Error: [MissingControllerException] Controller class ImgController could not be found.
#0 /Users/bvanskyh/Development/rbadmin/app/webroot/index.php(96): Dispatcher->dispatch(Object(CakeRequest), Object(CakeResponse))
#1 {main}
2012-03-17 13:14:09 Error: [MissingControllerException] Controller class CssController could not be found.
#0 /Users/bvanskyh/Development/rbadmin/app/webroot/index.php(96): Dispatcher->dispatch(Object(CakeRequest), Object(CakeResponse))
#1 {main}
2012-03-17 13:14:09 Error: [MissingControllerException] Controller class JsController could not be found.
#0 /Users/bvanskyh/Development/rbadmin/app/webroot/index.php(96): Dispatcher->dispatch(Object(CakeRequest), Object(CakeResponse))
#1 {main}
2012-03-17 13:14:09 Error: [MissingControllerException] Controller class ImgController could not be found.
#0 /Users/bvanskyh/Development/rbadmin/app/webroot/index.php(96): Dispatcher->dispatch(Object(CakeRequest), Object(CakeResponse))
#1 {main}
2012-03-17 13:14:42 Error: [MissingControllerException] Controller class LoginController could not be found.
#0 /Users/bvanskyh/Development/rbadmin/umpires/webroot/index.php(96): Dispatcher->dispatch(Object(CakeRequest), Object(CakeResponse))
#1 {main}
2012-03-17 13:14:43 Error: [MissingControllerException] Controller class JsController could not be found.
#0 /Users/bvanskyh/Development/rbadmin/umpires/webroot/index.php(96): Dispatcher->dispatch(Object(CakeRequest), Object(CakeResponse))
#1 {main}
2012-03-17 13:14:43 Error: [MissingControllerException] Controller class ImgController could not be found.
#0 /Users/bvanskyh/Development/rbadmin/umpires/webroot/index.php(96): Dispatcher->dispatch(Object(CakeRequest), Object(CakeResponse))
#1 {main}
